#
# There is insufficient memory for the Java Runtime Environment to continue.
# Native memory allocation (malloc) failed to allocate 120586240 bytes for committing reserved memory.
# Possible reasons:
#   The system is out of physical RAM or swap space
#   In 32 bit mode, the process size limit was hit
# Possible solutions:
#   Reduce memory load on the system
#   Increase physical memory or swap space
#   Check if swap backing store is full
#   Use 64 bit Java on a 64 bit OS
#   Decrease Java heap size (-Xmx/-Xms)
#   Decrease number of Java threads
#   Decrease Java thread stack sizes (-Xss)
#   Set larger code cache with -XX:ReservedCodeCacheSize=
# This output file may be truncated or incomplete.
#
#  Out of Memory Error (os_linux.cpp:2798), pid=5956, tid=140436006803200
#
# JRE version: OpenJDK Runtime Environment (7.0_65-b32) (build 1.7.0_65-b32)
# Java VM: OpenJDK 64-Bit Server VM (24.65-b04 mixed mode linux-amd64 compressed oops)
# Derivative: IcedTea 2.5.3
# Distribution: Ubuntu 14.04 LTS, package 7u71-2.5.3-0ubuntu0.14.04.1
# Failed to write core dump. Core dumps have been disabled. To enable core dumping, try "ulimit -c unlimited" before starting Java again
#

---------------  T H R E A D  ---------------

Current thread (0x00007fb9d413d800):  VMThread [stack: 0x00007fb9ce3c9000,0x00007fb9ce4ca000] [id=5963]

Stack: [0x00007fb9ce3c9000,0x00007fb9ce4ca000],  sp=0x00007fb9ce4c8490,  free space=1021k
Native frames: (J=compiled Java code, j=interpreted, Vv=VM code, C=native code)
V  [libjvm.so+0x948b05]  VMError::report_and_die()+0x175
V  [libjvm.so+0x48bc34]  report_vm_out_of_memory(char const*, int, unsigned long, char const*)+0x74
V  [libjvm.so+0x7c7bfb]  os::pd_commit_memory(char*, unsigned long, unsigned long, bool)+0xeb
V  [libjvm.so+0x7c26bf]  os::commit_memory(char*, unsigned long, unsigned long, bool)+0x1f
V  [libjvm.so+0x833e4b]  PSVirtualSpace::expand_by(unsigned long)+0x5b
V  [libjvm.so+0x823b9b]  PSOldGen::expand_by(unsigned long) [clone .part.80]+0x1b
V  [libjvm.so+0x823d5b]  PSOldGen::expand(unsigned long) [clone .part.81]+0xdb
V  [libjvm.so+0x824c88]  PSOldGen::resize(unsigned long)+0x188
V  [libjvm.so+0x82bd54]  PSParallelCompact::invoke_no_policy(bool)+0x9c4
V  [libjvm.so+0x831f8d]  PSScavenge::invoke()+0x17d
V  [libjvm.so+0x7e8823]  ParallelScavengeHeap::failed_mem_allocate(unsigned long)+0x63
V  [libjvm.so+0x94a504]  VM_ParallelGCFailedAllocation::doit()+0x84
V  [libjvm.so+0x94e9f7]  VM_Operation::evaluate()+0x47
V  [libjvm.so+0x94d368]  VMThread::evaluate_operation(VM_Operation*)+0x318
V  [libjvm.so+0x94d7c9]  VMThread::loop()+0x219
V  [libjvm.so+0x94dc12]  VMThread::run()+0x72
V  [libjvm.so+0x7c4ac2]  java_start(Thread*)+0xf2

VM_Operation (0x00007fb9dcb20ea0): ParallelGCFailedAllocation, mode: safepoint, requested by thread 0x00007fb9d400b000


---------------  P R O C E S S  ---------------

Java Threads: ( => current thread )
  0x00007fb9d4179000 JavaThread "Service Thread" daemon [_thread_blocked, id=5969, stack(0x00007fb9cd439000,0x00007fb9cd53a000)]
  0x00007fb9d4177000 JavaThread "C2 CompilerThread1" daemon [_thread_blocked, id=5968, stack(0x00007fb9cd53a000,0x00007fb9cd63b000)]
  0x00007fb9d4174000 JavaThread "C2 CompilerThread0" daemon [_thread_blocked, id=5967, stack(0x00007fb9cd63b000,0x00007fb9cd73c000)]
  0x00007fb9d4171800 JavaThread "Signal Dispatcher" daemon [_thread_blocked, id=5966, stack(0x00007fb9cd73c000,0x00007fb9cd83d000)]
  0x00007fb9d4144000 JavaThread "Finalizer" daemon [_thread_blocked, id=5965, stack(0x00007fb9ce1c7000,0x00007fb9ce2c8000)]
  0x00007fb9d4142000 JavaThread "Reference Handler" daemon [_thread_blocked, id=5964, stack(0x00007fb9ce2c8000,0x00007fb9ce3c9000)]
  0x00007fb9d400b000 JavaThread "main" [_thread_blocked, id=5957, stack(0x00007fb9dca22000,0x00007fb9dcb23000)]

Other Threads:
=>0x00007fb9d413d800 VMThread [stack: 0x00007fb9ce3c9000,0x00007fb9ce4ca000] [id=5963]
  0x00007fb9d4183800 WatcherThread [stack: 0x00007fb9cd338000,0x00007fb9cd439000] [id=5970]

VM state:at safepoint (normal execution)

VM Mutex/Monitor currently owned by a thread:  ([mutex/lock_event])
[0x00007fb9d4006ee0] ExpandHeap_lock - owner thread: 0x00007fb9d413d800
[0x00007fb9d4007560] Threads_lock - owner thread: 0x00007fb9d413d800
[0x00007fb9d4007a60] Heap_lock - owner thread: 0x00007fb9d400b000

Heap
 PSYoungGen      total 237056K, used 40077K [0x00000000eaa80000, 0x0000000100000000, 0x0000000100000000)
  eden space 168448K, 0% used [0x00000000eaa80000,0x00000000eaa80000,0x00000000f4f00000)
  from space 68608K, 58% used [0x00000000fbd00000,0x00000000fe4234a8,0x0000000100000000)
  to   space 90624K, 0% used [0x00000000f4f00000,0x00000000f4f00000,0x00000000fa780000)
 ParOldGen       total 168448K, used 168036K [0x00000000c0000000, 0x00000000ca480000, 0x00000000eaa80000)
  object space 168448K, 99% used [0x00000000c0000000,0x00000000ca4192b8,0x00000000ca480000)
 PSPermGen       total 21504K, used 5949K [0x00000000b5a00000, 0x00000000b6f00000, 0x00000000c0000000)
  object space 21504K, 27% used [0x00000000b5a00000,0x00000000b5fcf6d0,0x00000000b6f00000)

Card table byte_map: [0x00007fb9d9414000,0x00007fb9d9668000] byte_map_base: 0x00007fb9d8e67000

Polling page: 0x00007fb9dcb42000

Code Cache  [0x00007fb9d1000000, 0x00007fb9d1390000, 0x00007fb9d4000000)
 total_blobs=1088 nmethods=861 adapters=180 free_code_cache=45623Kb largest_free_block=46608768

Compilation events (10 events):
Event: 14.988 Thread 0x00007fb9d4177000  890             sun.util.calendar.CalendarDate::isNormalized (5 bytes)
Event: 14.989 Thread 0x00007fb9d4177000 nmethod 890 0x00007fb9d1324150 code [0x00007fb9d1324280, 0x00007fb9d13242d8]
Event: 15.092 Thread 0x00007fb9d4174000  891             com.android.dx.cf.code.BytecodeArray::parseNewarray (594 bytes)
Event: 15.093 Thread 0x00007fb9d4177000  892   !         com.android.dx.cf.code.BytecodeArray::parseInstruction (2764 bytes)
Event: 15.163 Thread 0x00007fb9d4174000 nmethod 891 0x00007fb9d1373490 code [0x00007fb9d1373820, 0x00007fb9d13755e0]
Event: 15.220 Thread 0x00007fb9d4174000  893             com.android.dx.rop.type.Type::getComponentType (70 bytes)
Event: 15.222 Thread 0x00007fb9d4174000 nmethod 893 0x00007fb9d1140bd0 code [0x00007fb9d1140d40, 0x00007fb9d1140e78]
Event: 15.261 Thread 0x00007fb9d4174000  894             com.android.dx.cf.code.BaseMachine::getPrototype (5 bytes)
Event: 15.262 Thread 0x00007fb9d4174000 nmethod 894 0x00007fb9d1140990 code [0x00007fb9d1140ac0, 0x00007fb9d1140b18]
Event: 15.321 Thread 0x00007fb9d4177000 nmethod 892 0x00007fb9d137e090 code [0x00007fb9d137f780, 0x00007fb9d1385850]

GC Heap History (10 events):
Event: 10.765 GC heap after
Heap after GC invocations=7 (full 0):
 PSYoungGen      total 281600K, used 30690K [0x00000000eaa80000, 0x0000000100000000, 0x0000000100000000)
  eden space 250880K, 0% used [0x00000000eaa80000,0x00000000eaa80000,0x00000000f9f80000)
  from space 30720K, 99% used [0x00000000f9f80000,0x00000000fbd78b18,0x00000000fbd80000)
  to   space 52736K, 0% used [0x00000000fcc80000,0x00000000fcc80000,0x0000000100000000)
 ParOldGen       total 83968K, used 80038K [0x00000000c0000000, 0x00000000c5200000, 0x00000000eaa80000)
  object space 83968K, 95% used [0x00000000c0000000,0x00000000c4e29a20,0x00000000c5200000)
 PSPermGen       total 21504K, used 5914K [0x00000000b5a00000, 0x00000000b6f00000, 0x00000000c0000000)
  object space 21504K, 27% used [0x00000000b5a00000,0x00000000b5fc6a98,0x00000000b6f00000)
}
Event: 10.765 GC heap before
{Heap before GC invocations=8 (full 1):
 PSYoungGen      total 281600K, used 30690K [0x00000000eaa80000, 0x0000000100000000, 0x0000000100000000)
  eden space 250880K, 0% used [0x00000000eaa80000,0x00000000eaa80000,0x00000000f9f80000)
  from space 30720K, 99% used [0x00000000f9f80000,0x00000000fbd78b18,0x00000000fbd80000)
  to   space 52736K, 0% used [0x00000000fcc80000,0x00000000fcc80000,0x0000000100000000)
 ParOldGen       total 83968K, used 80038K [0x00000000c0000000, 0x00000000c5200000, 0x00000000eaa80000)
  object space 83968K, 95% used [0x00000000c0000000,0x00000000c4e29a20,0x00000000c5200000)
 PSPermGen       total 21504K, used 5914K [0x00000000b5a00000, 0x00000000b6f00000, 0x00000000c0000000)
  object space 21504K, 27% used [0x00000000b5a00000,0x00000000b5fc6a98,0x00000000b6f00000)
Event: 11.904 GC heap after
Heap after GC invocations=8 (full 1):
 PSYoungGen      total 281600K, used 23413K [0x00000000eaa80000, 0x0000000100000000, 0x0000000100000000)
  eden space 250880K, 0% used [0x00000000eaa80000,0x00000000eaa80000,0x00000000f9f80000)
  from space 30720K, 76% used [0x00000000f9f80000,0x00000000fb65d448,0x00000000fbd80000)
  to   space 52736K, 0% used [0x00000000fcc80000,0x00000000fcc80000,0x0000000100000000)
 ParOldGen       total 168448K, used 83746K [0x00000000c0000000, 0x00000000ca480000, 0x00000000eaa80000)
  object space 168448K, 49% used [0x00000000c0000000,0x00000000c51c88b0,0x00000000ca480000)
 PSPermGen       total 21504K, used 5909K [0x00000000b5a00000, 0x00000000b6f00000, 0x00000000c0000000)
  object space 21504K, 27% used [0x00000000b5a00000,0x00000000b5fc5420,0x00000000b6f00000)
}
Event: 13.377 GC heap before
{Heap before GC invocations=9 (full 1):
 PSYoungGen      total 281600K, used 274293K [0x00000000eaa80000, 0x0000000100000000, 0x0000000100000000)
  eden space 250880K, 100% used [0x00000000eaa80000,0x00000000f9f80000,0x00000000f9f80000)
  from space 30720K, 76% used [0x00000000f9f80000,0x00000000fb65d448,0x00000000fbd80000)
  to   space 52736K, 0% used [0x00000000fcc80000,0x00000000fcc80000,0x0000000100000000)
 ParOldGen       total 168448K, used 83746K [0x00000000c0000000, 0x00000000ca480000, 0x00000000eaa80000)
  object space 168448K, 49% used [0x00000000c0000000,0x00000000c51c88b0,0x00000000ca480000)
 PSPermGen       total 21504K, used 5922K [0x00000000b5a00000, 0x00000000b6f00000, 0x00000000c0000000)
  object space 21504K, 27% used [0x00000000b5a00000,0x00000000b5fc8bb0,0x00000000b6f00000)
Event: 13.625 GC heap after
Heap after GC invocations=9 (full 1):
 PSYoungGen      total 265216K, used 52717K [0x00000000eaa80000, 0x0000000100000000, 0x0000000100000000)
  eden space 212480K, 0% used [0x00000000eaa80000,0x00000000eaa80000,0x00000000f7a00000)
  from space 52736K, 99% used [0x00000000fcc80000,0x00000000ffffb580,0x0000000100000000)
  to   space 68608K, 0% used [0x00000000f7a00000,0x00000000f7a00000,0x00000000fbd00000)
 ParOldGen       total 168448K, used 97589K [0x00000000c0000000, 0x00000000ca480000, 0x00000000eaa80000)
  object space 168448K, 57% used [0x00000000c0000000,0x00000000c5f4d588,0x00000000ca480000)
 PSPermGen       total 21504K, used 5922K [0x00000000b5a00000, 0x00000000b6f00000, 0x00000000c0000000)
  object space 21504K, 27% used [0x00000000b5a00000,0x00000000b5fc8bb0,0x00000000b6f00000)
}
Event: 14.629 GC heap before
{Heap before GC invocations=10 (full 1):
 PSYoungGen      total 265216K, used 265197K [0x00000000eaa80000, 0x0000000100000000, 0x0000000100000000)
  eden space 212480K, 100% used [0x00000000eaa80000,0x00000000f7a00000,0x00000000f7a00000)
  from space 52736K, 99% used [0x00000000fcc80000,0x00000000ffffb580,0x0000000100000000)
  to   space 68608K, 0% used [0x00000000f7a00000,0x00000000f7a00000,0x00000000fbd00000)
 ParOldGen       total 168448K, used 97589K [0x00000000c0000000, 0x00000000ca480000, 0x00000000eaa80000)
  object space 168448K, 57% used [0x00000000c0000000,0x00000000c5f4d588,0x00000000ca480000)
 PSPermGen       total 21504K, used 5940K [0x00000000b5a00000, 0x00000000b6f00000, 0x00000000c0000000)
  object space 21504K, 27% used [0x00000000b5a00000,0x00000000b5fcd288,0x00000000b6f00000)
Event: 14.795 GC heap after
Heap after GC invocations=10 (full 1):
 PSYoungGen      total 281088K, used 68588K [0x00000000eaa80000, 0x0000000100000000, 0x0000000100000000)
  eden space 212480K, 0% used [0x00000000eaa80000,0x00000000eaa80000,0x00000000f7a00000)
  from space 68608K, 99% used [0x00000000f7a00000,0x00000000fbcfb098,0x00000000fbd00000)
  to   space 68608K, 0% used [0x00000000fbd00000,0x00000000fbd00000,0x0000000100000000)
 ParOldGen       total 168448K, used 111270K [0x00000000c0000000, 0x00000000ca480000, 0x00000000eaa80000)
  object space 168448K, 66% used [0x00000000c0000000,0x00000000c6ca9bf8,0x00000000ca480000)
 PSPermGen       total 21504K, used 5940K [0x00000000b5a00000, 0x00000000b6f00000, 0x00000000c0000000)
  object space 21504K, 27% used [0x00000000b5a00000,0x00000000b5fcd288,0x00000000b6f00000)
}
Event: 15.529 GC heap before
{Heap before GC invocations=11 (full 1):
 PSYoungGen      total 281088K, used 281068K [0x00000000eaa80000, 0x0000000100000000, 0x0000000100000000)
  eden space 212480K, 100% used [0x00000000eaa80000,0x00000000f7a00000,0x00000000f7a00000)
  from space 68608K, 99% used [0x00000000f7a00000,0x00000000fbcfb098,0x00000000fbd00000)
  to   space 68608K, 0% used [0x00000000fbd00000,0x00000000fbd00000,0x0000000100000000)
 ParOldGen       total 168448K, used 111270K [0x00000000c0000000, 0x00000000ca480000, 0x00000000eaa80000)
  object space 168448K, 66% used [0x00000000c0000000,0x00000000c6ca9bf8,0x00000000ca480000)
 PSPermGen       total 21504K, used 5949K [0x00000000b5a00000, 0x00000000b6f00000, 0x00000000c0000000)
  object space 21504K, 27% used [0x00000000b5a00000,0x00000000b5fcf790,0x00000000b6f00000)
Event: 16.107 GC heap after
Heap after GC invocations=11 (full 1):
 PSYoungGen      total 237056K, used 61019K [0x00000000eaa80000, 0x0000000100000000, 0x0000000100000000)
  eden space 168448K, 0% used [0x00000000eaa80000,0x00000000eaa80000,0x00000000f4f00000)
  from space 68608K, 88% used [0x00000000fbd00000,0x00000000ff896e28,0x0000000100000000)
  to   space 90624K, 0% used [0x00000000f4f00000,0x00000000f4f00000,0x00000000fa780000)
 ParOldGen       total 168448K, used 153326K [0x00000000c0000000, 0x00000000ca480000, 0x00000000eaa80000)
  object space 168448K, 91% used [0x00000000c0000000,0x00000000c95bb9f8,0x00000000ca480000)
 PSPermGen       total 21504K, used 5949K [0x00000000b5a00000, 0x00000000b6f00000, 0x00000000c0000000)
  object space 21504K, 27% used [0x00000000b5a00000,0x00000000b5fcf790,0x00000000b6f00000)
}
Event: 16.107 GC heap before
{Heap before GC invocations=12 (full 2):
 PSYoungGen      total 237056K, used 61019K [0x00000000eaa80000, 0x0000000100000000, 0x0000000100000000)
  eden space 168448K, 0% used [0x00000000eaa80000,0x00000000eaa80000,0x00000000f4f00000)
  from space 68608K, 88% used [0x00000000fbd00000,0x00000000ff896e28,0x0000000100000000)
  to   space 90624K, 0% used [0x00000000f4f00000,0x00000000f4f00000,0x00000000fa780000)
 ParOldGen       total 168448K, used 153326K [0x00000000c0000000, 0x00000000ca480000, 0x00000000eaa80000)
  object space 168448K, 91% used [0x00000000c0000000,0x00000000c95bb9f8,0x00000000ca480000)
 PSPermGen       total 21504K, used 5949K [0x00000000b5a00000, 0x00000000b6f00000, 0x00000000c0000000)
  object space 21504K, 27% used [0x00000000b5a00000,0x00000000b5fcf790,0x00000000b6f00000)

Deoptimization events (10 events):
Event: 13.177 Thread 0x00007fb9d400b000 Uncommon trap: reason=bimorphic action=maybe_recompile pc=0x00007fb9d1219414 method=com.android.dx.ssa.LiteralOpUpgrader.tryReplacingWithConstant(Lcom/android/dx/ssa/NormalSsaInsn;)Z @ 62
Event: 13.184 Thread 0x00007fb9d400b000 Uncommon trap: reason=bimorphic action=maybe_recompile pc=0x00007fb9d1221e34 method=com.android.dx.ssa.LiteralOpUpgrader.tryReplacingWithConstant(Lcom/android/dx/ssa/NormalSsaInsn;)Z @ 62
Event: 14.107 Thread 0x00007fb9d400b000 Uncommon trap: reason=bimorphic action=maybe_recompile pc=0x00007fb9d1319544 method=com.android.dx.cf.code.BytecodeArray.parseInstruction(ILcom/android/dx/cf/code/BytecodeArray$Visitor;)I @ 1327
Event: 14.107 Thread 0x00007fb9d400b000 Uncommon trap: reason=bimorphic action=maybe_recompile pc=0x00007fb9d1319544 method=com.android.dx.cf.code.BytecodeArray.parseInstruction(ILcom/android/dx/cf/code/BytecodeArray$Visitor;)I @ 1327
Event: 15.090 Thread 0x00007fb9d400b000 Uncommon trap: reason=bimorphic action=maybe_recompile pc=0x00007fb9d1354c34 method=com.android.dx.cf.code.BytecodeArray.parseInstruction(ILcom/android/dx/cf/code/BytecodeArray$Visitor;)I @ 1287
Event: 15.090 Thread 0x00007fb9d400b000 Uncommon trap: reason=bimorphic action=maybe_recompile pc=0x00007fb9d1354c34 method=com.android.dx.cf.code.BytecodeArray.parseInstruction(ILcom/android/dx/cf/code/BytecodeArray$Visitor;)I @ 1287
Event: 15.188 Thread 0x00007fb9d400b000 Uncommon trap: reason=bimorphic action=maybe_recompile pc=0x00007fb9d11b6580 method=com.android.dx.ssa.NormalSsaInsn.changeOneSource(ILcom/android/dx/rop/code/RegisterSpec;)V @ 113
Event: 15.188 Thread 0x00007fb9d400b000 Uncommon trap: reason=bimorphic action=maybe_recompile pc=0x00007fb9d11b6580 method=com.android.dx.ssa.NormalSsaInsn.changeOneSource(ILcom/android/dx/rop/code/RegisterSpec;)V @ 113
Event: 15.188 Thread 0x00007fb9d400b000 Uncommon trap: reason=bimorphic action=maybe_recompile pc=0x00007fb9d11b6580 method=com.android.dx.ssa.NormalSsaInsn.changeOneSource(ILcom/android/dx/rop/code/RegisterSpec;)V @ 113
Event: 15.188 Thread 0x00007fb9d400b000 Uncommon trap: reason=bimorphic action=maybe_recompile pc=0x00007fb9d11b6580 method=com.android.dx.ssa.NormalSsaInsn.changeOneSource(ILcom/android/dx/rop/code/RegisterSpec;)V @ 113

Internal exceptions (10 events):
Event: 8.167 Thread 0x00007fb9d400b000 Threw 0x00000000f168eda8 at /build/buildd/openjdk-7-7u71-2.5.3/build/openjdk/hotspot/src/share/vm/prims/jvm.cpp:1284
Event: 8.238 Thread 0x00007fb9d400b000 Implicit null exception at 0x00007fb9d1283b04 to 0x00007fb9d128589d
Event: 8.618 Thread 0x00007fb9d400b000 Threw 0x00000000ed45de98 at /build/buildd/openjdk-7-7u71-2.5.3/build/openjdk/hotspot/src/share/vm/prims/jvm.cpp:1284
Event: 8.776 Thread 0x00007fb9d400b000 Threw 0x00000000ee6b1168 at /build/buildd/openjdk-7-7u71-2.5.3/build/openjdk/hotspot/src/share/vm/prims/jvm.cpp:1284
Event: 8.776 Thread 0x00007fb9d400b000 Threw 0x00000000ee6b4088 at /build/buildd/openjdk-7-7u71-2.5.3/build/openjdk/hotspot/src/share/vm/prims/jvm.cpp:1284
Event: 8.779 Thread 0x00007fb9d400b000 Threw 0x00000000ee7082d0 at /build/buildd/openjdk-7-7u71-2.5.3/build/openjdk/hotspot/src/share/vm/prims/jvm.cpp:1284
Event: 8.780 Thread 0x00007fb9d400b000 Threw 0x00000000ee70e220 at /build/buildd/openjdk-7-7u71-2.5.3/build/openjdk/hotspot/src/share/vm/prims/jvm.cpp:1284
Event: 8.780 Thread 0x00007fb9d400b000 Threw 0x00000000ee713ee8 at /build/buildd/openjdk-7-7u71-2.5.3/build/openjdk/hotspot/src/share/vm/prims/jvm.cpp:1284
Event: 9.849 Thread 0x00007fb9d400b000 Implicit null exception at 0x00007fb9d126098d to 0x00007fb9d1260a41
Event: 14.281 Thread 0x00007fb9d400b000 Threw 0x00000000f38f99c8 at /build/buildd/openjdk-7-7u71-2.5.3/build/openjdk/hotspot/src/share/vm/prims/jvm.cpp:1284

Events (10 events):
Event: 15.188 Thread 0x00007fb9d400b000 Uncommon trap: trap_request=0xffffffc6 fr.pc=0x00007fb9d11b6580
Event: 15.188 Thread 0x00007fb9d400b000 DEOPT PACKING pc=0x00007fb9d11b6580 sp=0x00007fb9dcb20ff0
Event: 15.188 Thread 0x00007fb9d400b000 DEOPT UNPACKING pc=0x00007fb9d1039445 sp=0x00007fb9dcb20f98 mode 2
Event: 15.188 Thread 0x00007fb9d400b000 Uncommon trap: trap_request=0xffffffc6 fr.pc=0x00007fb9d11b6580
Event: 15.188 Thread 0x00007fb9d400b000 DEOPT PACKING pc=0x00007fb9d11b6580 sp=0x00007fb9dcb20ff0
Event: 15.188 Thread 0x00007fb9d400b000 DEOPT UNPACKING pc=0x00007fb9d1039445 sp=0x00007fb9dcb20f98 mode 2
Event: 15.188 Thread 0x00007fb9d400b000 Uncommon trap: trap_request=0xffffffc6 fr.pc=0x00007fb9d11b6580
Event: 15.188 Thread 0x00007fb9d400b000 DEOPT PACKING pc=0x00007fb9d11b6580 sp=0x00007fb9dcb20ff0
Event: 15.188 Thread 0x00007fb9d400b000 DEOPT UNPACKING pc=0x00007fb9d1039445 sp=0x00007fb9dcb20f98 mode 2
Event: 15.528 Executing VM operation: ParallelGCFailedAllocation


Dynamic libraries:
00400000-00401000 r-xp 00000000 08:05 129                                /usr/lib/jvm/java-7-openjdk-amd64/jre/bin/java
00600000-00601000 r--p 00000000 08:05 129                                /usr/lib/jvm/java-7-openjdk-amd64/jre/bin/java
00601000-00602000 rw-p 00001000 08:05 129                                /usr/lib/jvm/java-7-openjdk-amd64/jre/bin/java
0072a000-0074b000 rw-p 00000000 00:00 0                                  [heap]
b5a00000-b6f00000 rw-p 00000000 00:00 0 
b6f00000-c0000000 rw-p 00000000 00:00 0 
c0000000-ca480000 rw-p 00000000 00:00 0 
d1780000-eaa80000 rw-p 00000000 00:00 0 
eaa80000-100000000 rw-p 00000000 00:00 0 
7fb998000000-7fb998021000 rw-p 00000000 00:00 0 
7fb998021000-7fb99c000000 ---p 00000000 00:00 0 
7fb99fbba000-7fb99fbf7000 r-xp 00000000 08:05 1576947                    /lib/x86_64-linux-gnu/libpcre.so.3.13.1
7fb99fbf7000-7fb99fdf6000 ---p 0003d000 08:05 1576947                    /lib/x86_64-linux-gnu/libpcre.so.3.13.1
7fb99fdf6000-7fb99fdf7000 r--p 0003c000 08:05 1576947                    /lib/x86_64-linux-gnu/libpcre.so.3.13.1
7fb99fdf7000-7fb99fdf8000 rw-p 0003d000 08:05 1576947                    /lib/x86_64-linux-gnu/libpcre.so.3.13.1
7fb99fdf8000-7fb99fdff000 r-xp 00000000 08:05 5382426                    /usr/lib/x86_64-linux-gnu/libffi.so.6.0.1
7fb99fdff000-7fb99fffe000 ---p 00007000 08:05 5382426                    /usr/lib/x86_64-linux-gnu/libffi.so.6.0.1
7fb99fffe000-7fb99ffff000 r--p 00006000 08:05 5382426                    /usr/lib/x86_64-linux-gnu/libffi.so.6.0.1
7fb99ffff000-7fb9a0000000 rw-p 00007000 08:05 5382426                    /usr/lib/x86_64-linux-gnu/libffi.so.6.0.1
7fb9a0000000-7fb9a126d000 rw-p 00000000 00:00 0 
7fb9a126d000-7fb9a4000000 ---p 00000000 00:00 0 
7fb9a4000000-7fb9a4021000 rw-p 00000000 00:00 0 
7fb9a4021000-7fb9a8000000 ---p 00000000 00:00 0 
7fb9a8000000-7fb9a8021000 rw-p 00000000 00:00 0 
7fb9a8021000-7fb9ac000000 ---p 00000000 00:00 0 
7fb9ac000000-7fb9ae23d000 rw-p 00000000 00:00 0 
7fb9ae23d000-7fb9b0000000 ---p 00000000 00:00 0 
7fb9b0000000-7fb9b0021000 rw-p 00000000 00:00 0 
7fb9b0021000-7fb9b4000000 ---p 00000000 00:00 0 
7fb9b4000000-7fb9b4021000 rw-p 00000000 00:00 0 
7fb9b4021000-7fb9b8000000 ---p 00000000 00:00 0 
7fb9b8000000-7fb9b8021000 rw-p 00000000 00:00 0 
7fb9b8021000-7fb9bc000000 ---p 00000000 00:00 0 
7fb9bc000000-7fb9bc241000 rw-p 00000000 00:00 0 
7fb9bc241000-7fb9c0000000 ---p 00000000 00:00 0 
7fb9c0000000-7fb9c0021000 rw-p 00000000 00:00 0 
7fb9c0021000-7fb9c4000000 ---p 00000000 00:00 0 
7fb9c4000000-7fb9c4021000 rw-p 00000000 00:00 0 
7fb9c4021000-7fb9c8000000 ---p 00000000 00:00 0 
7fb9c8000000-7fb9c8021000 rw-p 00000000 00:00 0 
7fb9c8021000-7fb9cc000000 ---p 00000000 00:00 0 
7fb9cc000000-7fb9cc017000 r-xp 00000000 08:05 1591805                    /lib/x86_64-linux-gnu/libresolv-2.19.so
7fb9cc017000-7fb9cc217000 ---p 00017000 08:05 1591805                    /lib/x86_64-linux-gnu/libresolv-2.19.so
7fb9cc217000-7fb9cc218000 r--p 00017000 08:05 1591805                    /lib/x86_64-linux-gnu/libresolv-2.19.so
7fb9cc218000-7fb9cc219000 rw-p 00018000 08:05 1591805                    /lib/x86_64-linux-gnu/libresolv-2.19.so
7fb9cc219000-7fb9cc21b000 rw-p 00000000 00:00 0 
7fb9cc21b000-7fb9cc23b000 r-xp 00000000 08:05 1576822                    /lib/x86_64-linux-gnu/libselinux.so.1
7fb9cc23b000-7fb9cc43a000 ---p 00020000 08:05 1576822                    /lib/x86_64-linux-gnu/libselinux.so.1
7fb9cc43a000-7fb9cc43b000 r--p 0001f000 08:05 1576822                    /lib/x86_64-linux-gnu/libselinux.so.1
7fb9cc43b000-7fb9cc43c000 rw-p 00020000 08:05 1576822                    /lib/x86_64-linux-gnu/libselinux.so.1
7fb9cc43c000-7fb9cc43e000 rw-p 00000000 00:00 0 
7fb9cc43e000-7fb9cc441000 r-xp 00000000 08:05 5382543                    /usr/lib/x86_64-linux-gnu/libgmodule-2.0.so.0.4000.0
7fb9cc441000-7fb9cc640000 ---p 00003000 08:05 5382543                    /usr/lib/x86_64-linux-gnu/libgmodule-2.0.so.0.4000.0
7fb9cc640000-7fb9cc641000 r--p 00002000 08:05 5382543                    /usr/lib/x86_64-linux-gnu/libgmodule-2.0.so.0.4000.0
7fb9cc641000-7fb9cc642000 rw-p 00003000 08:05 5382543                    /usr/lib/x86_64-linux-gnu/libgmodule-2.0.so.0.4000.0
7fb9cc642000-7fb9cc748000 r-xp 00000000 08:05 1576875                    /lib/x86_64-linux-gnu/libglib-2.0.so.0.4000.0
7fb9cc748000-7fb9cc947000 ---p 00106000 08:05 1576875                    /lib/x86_64-linux-gnu/libglib-2.0.so.0.4000.0
7fb9cc947000-7fb9cc948000 r--p 00105000 08:05 1576875                    /lib/x86_64-linux-gnu/libglib-2.0.so.0.4000.0
7fb9cc948000-7fb9cc949000 rw-p 00106000 08:05 1576875                    /lib/x86_64-linux-gnu/libglib-2.0.so.0.4000.0
7fb9cc949000-7fb9cc94a000 rw-p 00000000 00:00 0 
7fb9cc94a000-7fb9cc999000 r-xp 00000000 08:05 5382559                    /usr/lib/x86_64-linux-gnu/libgobject-2.0.so.0.4000.0
7fb9cc999000-7fb9ccb99000 ---p 0004f000 08:05 5382559                    /usr/lib/x86_64-linux-gnu/libgobject-2.0.so.0.4000.0
7fb9ccb99000-7fb9ccb9a000 r--p 0004f000 08:05 5382559                    /usr/lib/x86_64-linux-gnu/libgobject-2.0.so.0.4000.0
7fb9ccb9a000-7fb9ccb9b000 rw-p 00050000 08:05 5382559                    /usr/lib/x86_64-linux-gnu/libgobject-2.0.so.0.4000.0
7fb9ccb9b000-7fb9ccd06000 r-xp 00000000 08:05 5382529                    /usr/lib/x86_64-linux-gnu/libgio-2.0.so.0.4000.0
7fb9ccd06000-7fb9ccf06000 ---p 0016b000 08:05 5382529                    /usr/lib/x86_64-linux-gnu/libgio-2.0.so.0.4000.0
7fb9ccf06000-7fb9ccf0a000 r--p 0016b000 08:05 5382529                    /usr/lib/x86_64-linux-gnu/libgio-2.0.so.0.4000.0
7fb9ccf0a000-7fb9ccf0c000 rw-p 0016f000 08:05 5382529                    /usr/lib/x86_64-linux-gnu/libgio-2.0.so.0.4000.0
7fb9ccf0c000-7fb9ccf0e000 rw-p 00000000 00:00 0 
7fb9ccf0e000-7fb9ccf25000 r-xp 00000000 08:05 4074897                    /usr/lib/jvm/java-7-openjdk-amd64/jre/lib/amd64/libnet.so
7fb9ccf25000-7fb9cd124000 ---p 00017000 08:05 4074897                    /usr/lib/jvm/java-7-openjdk-amd64/jre/lib/amd64/libnet.so
7fb9cd124000-7fb9cd125000 r--p 00016000 08:05 4074897                    /usr/lib/jvm/java-7-openjdk-amd64/jre/lib/amd64/libnet.so
7fb9cd125000-7fb9cd126000 rw-p 00017000 08:05 4074897                    /usr/lib/jvm/java-7-openjdk-amd64/jre/lib/amd64/libnet.so
7fb9cd126000-7fb9cd136000 r-xp 00000000 08:05 4074912                    /usr/lib/jvm/java-7-openjdk-amd64/jre/lib/amd64/libnio.so
7fb9cd136000-7fb9cd336000 ---p 00010000 08:05 4074912                    /usr/lib/jvm/java-7-openjdk-amd64/jre/lib/amd64/libnio.so
7fb9cd336000-7fb9cd337000 r--p 00010000 08:05 4074912                    /usr/lib/jvm/java-7-openjdk-amd64/jre/lib/amd64/libnio.so
7fb9cd337000-7fb9cd338000 rw-p 00011000 08:05 4074912                    /usr/lib/jvm/java-7-openjdk-amd64/jre/lib/amd64/libnio.so
7fb9cd338000-7fb9cd339000 ---p 00000000 00:00 0 
7fb9cd339000-7fb9cd439000 rw-p 00000000 00:00 0                          [stack:5970]
7fb9cd439000-7fb9cd43c000 ---p 00000000 00:00 0 
7fb9cd43c000-7fb9cd53a000 rw-p 00000000 00:00 0                          [stack:5969]
7fb9cd53a000-7fb9cd53d000 ---p 00000000 00:00 0 
7fb9cd53d000-7fb9cd63b000 rw-p 00000000 00:00 0                          [stack:5968]
7fb9cd63b000-7fb9cd63e000 ---p 00000000 00:00 0 
7fb9cd63e000-7fb9cd73c000 rw-p 00000000 00:00 0                          [stack:5967]
7fb9cd73c000-7fb9cd73f000 ---p 00000000 00:00 0 
7fb9cd73f000-7fb9cd83d000 rw-p 00000000 00:00 0                          [stack:5966]
7fb9cd83d000-7fb9ce1c7000 r--p 00000000 08:05 5381111                    /usr/lib/locale/locale-archive
7fb9ce1c7000-7fb9ce1ca000 ---p 00000000 00:00 0 
7fb9ce1ca000-7fb9ce2c8000 rw-p 00000000 00:00 0                          [stack:5965]
7fb9ce2c8000-7fb9ce2cb000 ---p 00000000 00:00 0 
7fb9ce2cb000-7fb9ce3c9000 rw-p 00000000 00:00 0                          [stack:5964]
7fb9ce3c9000-7fb9ce3ca000 ---p 00000000 00:00 0 
7fb9ce3ca000-7fb9d1000000 rw-p 00000000 00:00 0                          [stack:5963]
7fb9d1000000-7fb9d1390000 rwxp 00000000 00:00 0 
7fb9d1390000-7fb9d43e2000 rw-p 00000000 00:00 0 
7fb9d43e2000-7fb9d8000000 ---p 00000000 00:00 0 
7fb9d8019000-7fb9d8032000 r--s 00151000 08:05 277427                     /home/nelson/.m2/repository/com/madgag/sc-light-jdk15on/1.47.0.2/sc-light-jdk15on-1.47.0.2.jar
7fb9d8032000-7fb9d8040000 r--s 000cf000 08:05 2125330                    /home/nelson/work/sdk/android-sdk-linux/build-tools/19.1.0/lib/dx.jar
7fb9d8040000-7fb9d8992000 rw-p 00000000 00:00 0 
7fb9d8992000-7fb9d8b43000 r--s 01d25000 08:05 4074954                    /usr/lib/jvm/java-7-openjdk-amd64/jre/lib/rt.jar
7fb9d8b43000-7fb9d8e67000 rw-p 00000000 00:00 0 
7fb9d8e67000-7fb9d8e68000 ---p 00000000 00:00 0 
7fb9d8e68000-7fb9d8f68000 rw-p 00000000 00:00 0                          [stack:5961]
7fb9d8f68000-7fb9d8f69000 ---p 00000000 00:00 0 
7fb9d8f69000-7fb9d9069000 rw-p 00000000 00:00 0                          [stack:5960]
7fb9d9069000-7fb9d906a000 ---p 00000000 00:00 0 
7fb9d906a000-7fb9d916a000 rw-p 00000000 00:00 0                          [stack:5959]
7fb9d916a000-7fb9d916b000 ---p 00000000 00:00 0 
7fb9d916b000-7fb9d9276000 rw-p 00000000 00:00 0                          [stack:5958]
7fb9d9276000-7fb9d92be000 rw-p 00000000 00:00 0 
7fb9d92be000-7fb9d9311000 rw-p 00000000 00:00 0 
7fb9d9311000-7fb9d9414000 rw-p 00000000 00:00 0 
7fb9d9414000-7fb9d941f000 rw-p 00000000 00:00 0 
7fb9d941f000-7fb9d9467000 rw-p 00000000 00:00 0 
7fb9d9467000-7fb9d94ba000 rw-p 00000000 00:00 0 
7fb9d94ba000-7fb9d95bc000 rw-p 00000000 00:00 0 
7fb9d95bc000-7fb9d9667000 rw-p 00000000 00:00 0 
7fb9d9667000-7fb9d9668000 rw-p 00000000 00:00 0 
7fb9d9668000-7fb9d9670000 r-xp 00000000 08:05 4074838                    /usr/lib/jvm/java-7-openjdk-amd64/jre/lib/amd64/libzip.so
7fb9d9670000-7fb9d986f000 ---p 00008000 08:05 4074838                    /usr/lib/jvm/java-7-openjdk-amd64/jre/lib/amd64/libzip.so
7fb9d986f000-7fb9d9870000 r--p 00007000 08:05 4074838                    /usr/lib/jvm/java-7-openjdk-amd64/jre/lib/amd64/libzip.so
7fb9d9870000-7fb9d9871000 rw-p 00008000 08:05 4074838                    /usr/lib/jvm/java-7-openjdk-amd64/jre/lib/amd64/libzip.so
7fb9d9871000-7fb9d987c000 r-xp 00000000 08:05 1591819                    /lib/x86_64-linux-gnu/libnss_files-2.19.so
7fb9d987c000-7fb9d9a7b000 ---p 0000b000 08:05 1591819                    /lib/x86_64-linux-gnu/libnss_files-2.19.so
7fb9d9a7b000-7fb9d9a7c000 r--p 0000a000 08:05 1591819                    /lib/x86_64-linux-gnu/libnss_files-2.19.so
7fb9d9a7c000-7fb9d9a7d000 rw-p 0000b000 08:05 1591819                    /lib/x86_64-linux-gnu/libnss_files-2.19.so
7fb9d9a7d000-7fb9d9a88000 r-xp 00000000 08:05 1591820                    /lib/x86_64-linux-gnu/libnss_nis-2.19.so
7fb9d9a88000-7fb9d9c87000 ---p 0000b000 08:05 1591820                    /lib/x86_64-linux-gnu/libnss_nis-2.19.so
7fb9d9c87000-7fb9d9c88000 r--p 0000a000 08:05 1591820                    /lib/x86_64-linux-gnu/libnss_nis-2.19.so
7fb9d9c88000-7fb9d9c89000 rw-p 0000b000 08:05 1591820                    /lib/x86_64-linux-gnu/libnss_nis-2.19.so
7fb9d9c89000-7fb9d9ca0000 r-xp 00000000 08:05 1591806                    /lib/x86_64-linux-gnu/libnsl-2.19.so
7fb9d9ca0000-7fb9d9e9f000 ---p 00017000 08:05 1591806                    /lib/x86_64-linux-gnu/libnsl-2.19.so
7fb9d9e9f000-7fb9d9ea0000 r--p 00016000 08:05 1591806                    /lib/x86_64-linux-gnu/libnsl-2.19.so
7fb9d9ea0000-7fb9d9ea1000 rw-p 00017000 08:05 1591806                    /lib/x86_64-linux-gnu/libnsl-2.19.so
7fb9d9ea1000-7fb9d9ea3000 rw-p 00000000 00:00 0 
7fb9d9ea3000-7fb9d9eac000 r-xp 00000000 08:05 1573845                    /lib/x86_64-linux-gnu/libnss_compat-2.19.so
7fb9d9eac000-7fb9da0ab000 ---p 00009000 08:05 1573845                    /lib/x86_64-linux-gnu/libnss_compat-2.19.so
7fb9da0ab000-7fb9da0ac000 r--p 00008000 08:05 1573845                    /lib/x86_64-linux-gnu/libnss_compat-2.19.so
7fb9da0ac000-7fb9da0ad000 rw-p 00009000 08:05 1573845                    /lib/x86_64-linux-gnu/libnss_compat-2.19.so
7fb9da0ad000-7fb9da0d8000 r-xp 00000000 08:05 4074896                    /usr/lib/jvm/java-7-openjdk-amd64/jre/lib/amd64/libjava.so
7fb9da0d8000-7fb9da2d7000 ---p 0002b000 08:05 4074896                    /usr/lib/jvm/java-7-openjdk-amd64/jre/lib/amd64/libjava.so
7fb9da2d7000-7fb9da2d8000 r--p 0002a000 08:05 4074896                    /usr/lib/jvm/java-7-openjdk-amd64/jre/lib/amd64/libjava.so
7fb9da2d8000-7fb9da2da000 rw-p 0002b000 08:05 4074896                    /usr/lib/jvm/java-7-openjdk-amd64/jre/lib/amd64/libjava.so
7fb9da2da000-7fb9da2ea000 r-xp 00000000 08:05 4074911                    /usr/lib/jvm/java-7-openjdk-amd64/jre/lib/amd64/libverify.so
7fb9da2ea000-7fb9da4e9000 ---p 00010000 08:05 4074911                    /usr/lib/jvm/java-7-openjdk-amd64/jre/lib/amd64/libverify.so
7fb9da4e9000-7fb9da4eb000 r--p 0000f000 08:05 4074911                    /usr/lib/jvm/java-7-openjdk-amd64/jre/lib/amd64/libverify.so
7fb9da4eb000-7fb9da4ec000 rw-p 00011000 08:05 4074911                    /usr/lib/jvm/java-7-openjdk-amd64/jre/lib/amd64/libverify.so
7fb9da4ec000-7fb9da4f3000 r-xp 00000000 08:05 1591808                    /lib/x86_64-linux-gnu/librt-2.19.so
7fb9da4f3000-7fb9da6f2000 ---p 00007000 08:05 1591808                    /lib/x86_64-linux-gnu/librt-2.19.so
7fb9da6f2000-7fb9da6f3000 r--p 00006000 08:05 1591808                    /lib/x86_64-linux-gnu/librt-2.19.so
7fb9da6f3000-7fb9da6f4000 rw-p 00007000 08:05 1591808                    /lib/x86_64-linux-gnu/librt-2.19.so
7fb9da6f4000-7fb9da70a000 r-xp 00000000 08:05 1573844                    /lib/x86_64-linux-gnu/libgcc_s.so.1
7fb9da70a000-7fb9da909000 ---p 00016000 08:05 1573844                    /lib/x86_64-linux-gnu/libgcc_s.so.1
7fb9da909000-7fb9da90a000 rw-p 00015000 08:05 1573844                    /lib/x86_64-linux-gnu/libgcc_s.so.1
7fb9da90a000-7fb9daa0f000 r-xp 00000000 08:05 1591815                    /lib/x86_64-linux-gnu/libm-2.19.so
7fb9daa0f000-7fb9dac0e000 ---p 00105000 08:05 1591815                    /lib/x86_64-linux-gnu/libm-2.19.so
7fb9dac0e000-7fb9dac0f000 r--p 00104000 08:05 1591815                    /lib/x86_64-linux-gnu/libm-2.19.so
7fb9dac0f000-7fb9dac10000 rw-p 00105000 08:05 1591815                    /lib/x86_64-linux-gnu/libm-2.19.so
7fb9dac10000-7fb9dacf6000 r-xp 00000000 08:05 5383054                    /usr/lib/x86_64-linux-gnu/libstdc++.so.6.0.19
7fb9dacf6000-7fb9daef5000 ---p 000e6000 08:05 5383054                    /usr/lib/x86_64-linux-gnu/libstdc++.so.6.0.19
7fb9daef5000-7fb9daefd000 r--p 000e5000 08:05 5383054                    /usr/lib/x86_64-linux-gnu/libstdc++.so.6.0.19
7fb9daefd000-7fb9daeff000 rw-p 000ed000 08:05 5383054                    /usr/lib/x86_64-linux-gnu/libstdc++.so.6.0.19
7fb9daeff000-7fb9daf14000 rw-p 00000000 00:00 0 
7fb9daf14000-7fb9dba2a000 r-xp 00000000 08:05 4074917                    /usr/lib/jvm/java-7-openjdk-amd64/jre/lib/amd64/server/libjvm.so
7fb9dba2a000-7fb9dbc29000 ---p 00b16000 08:05 4074917                    /usr/lib/jvm/java-7-openjdk-amd64/jre/lib/amd64/server/libjvm.so
7fb9dbc29000-7fb9dbcc3000 r--p 00b15000 08:05 4074917                    /usr/lib/jvm/java-7-openjdk-amd64/jre/lib/amd64/server/libjvm.so
7fb9dbcc3000-7fb9dbce6000 rw-p 00baf000 08:05 4074917                    /usr/lib/jvm/java-7-openjdk-amd64/jre/lib/amd64/server/libjvm.so
7fb9dbce6000-7fb9dbd14000 rw-p 00000000 00:00 0 
7fb9dbd14000-7fb9dbd2c000 r-xp 00000000 08:05 1577007                    /lib/x86_64-linux-gnu/libz.so.1.2.8
7fb9dbd2c000-7fb9dbf2b000 ---p 00018000 08:05 1577007                    /lib/x86_64-linux-gnu/libz.so.1.2.8
7fb9dbf2b000-7fb9dbf2c000 r--p 00017000 08:05 1577007                    /lib/x86_64-linux-gnu/libz.so.1.2.8
7fb9dbf2c000-7fb9dbf2d000 rw-p 00018000 08:05 1577007                    /lib/x86_64-linux-gnu/libz.so.1.2.8
7fb9dbf2d000-7fb9dbf46000 r-xp 00000000 08:05 1591825                    /lib/x86_64-linux-gnu/libpthread-2.19.so
7fb9dbf46000-7fb9dc145000 ---p 00019000 08:05 1591825                    /lib/x86_64-linux-gnu/libpthread-2.19.so
7fb9dc145000-7fb9dc146000 r--p 00018000 08:05 1591825                    /lib/x86_64-linux-gnu/libpthread-2.19.so
7fb9dc146000-7fb9dc147000 rw-p 00019000 08:05 1591825                    /lib/x86_64-linux-gnu/libpthread-2.19.so
7fb9dc147000-7fb9dc14b000 rw-p 00000000 00:00 0 
7fb9dc14b000-7fb9dc14e000 r-xp 00000000 08:05 1591824                    /lib/x86_64-linux-gnu/libdl-2.19.so
7fb9dc14e000-7fb9dc34d000 ---p 00003000 08:05 1591824                    /lib/x86_64-linux-gnu/libdl-2.19.so
7fb9dc34d000-7fb9dc34e000 r--p 00002000 08:05 1591824                    /lib/x86_64-linux-gnu/libdl-2.19.so
7fb9dc34e000-7fb9dc34f000 rw-p 00003000 08:05 1591824                    /lib/x86_64-linux-gnu/libdl-2.19.so
7fb9dc34f000-7fb9dc50a000 r-xp 00000000 08:05 1591812                    /lib/x86_64-linux-gnu/libc-2.19.so
7fb9dc50a000-7fb9dc70a000 ---p 001bb000 08:05 1591812                    /lib/x86_64-linux-gnu/libc-2.19.so
7fb9dc70a000-7fb9dc70e000 r--p 001bb000 08:05 1591812                    /lib/x86_64-linux-gnu/libc-2.19.so
7fb9dc70e000-7fb9dc710000 rw-p 001bf000 08:05 1591812                    /lib/x86_64-linux-gnu/libc-2.19.so
7fb9dc710000-7fb9dc715000 rw-p 00000000 00:00 0 
7fb9dc715000-7fb9dc722000 r-xp 00000000 08:05 4074894                    /usr/lib/jvm/java-7-openjdk-amd64/jre/lib/amd64/jli/libjli.so
7fb9dc722000-7fb9dc921000 ---p 0000d000 08:05 4074894                    /usr/lib/jvm/java-7-openjdk-amd64/jre/lib/amd64/jli/libjli.so
7fb9dc921000-7fb9dc922000 r--p 0000c000 08:05 4074894                    /usr/lib/jvm/java-7-openjdk-amd64/jre/lib/amd64/jli/libjli.so
7fb9dc922000-7fb9dc923000 rw-p 0000d000 08:05 4074894                    /usr/lib/jvm/java-7-openjdk-amd64/jre/lib/amd64/jli/libjli.so
7fb9dc923000-7fb9dc946000 r-xp 00000000 08:05 1591813                    /lib/x86_64-linux-gnu/ld-2.19.so
7fb9dc946000-7fb9dc947000 rw-p 00000000 00:00 0 
7fb9dc947000-7fb9dc949000 r--s 00012000 08:05 4074949                    /usr/lib/jvm/java-7-openjdk-amd64/jre/lib/ext/zipfs.jar
7fb9dc949000-7fb9dc94a000 r--s 00002000 08:05 4074953                    /usr/lib/jvm/java-7-openjdk-amd64/jre/lib/ext/dnsns.jar
7fb9dc94a000-7fb9dc971000 rw-p 00000000 00:00 0 
7fb9dc971000-7fb9dca22000 rw-p 00000000 00:00 0 
7fb9dca22000-7fb9dca25000 ---p 00000000 00:00 0 
7fb9dca25000-7fb9dcb28000 rw-p 00000000 00:00 0                          [stack:5957]
7fb9dcb28000-7fb9dcb2b000 r--s 0000f000 08:05 4074948                    /usr/lib/jvm/java-7-openjdk-amd64/jre/lib/ext/icedtea-sound.jar
7fb9dcb2b000-7fb9dcb2f000 r--s 00085000 08:05 4074951                    /usr/lib/jvm/java-7-openjdk-amd64/jre/lib/ext/localedata.jar
7fb9dcb2f000-7fb9dcb31000 r--s 00006000 08:05 5782322                    /usr/share/java/java-atk-wrapper.jar
7fb9dcb31000-7fb9dcb35000 r--s 00034000 08:05 4074952                    /usr/lib/jvm/java-7-openjdk-amd64/jre/lib/ext/sunjce_provider.jar
7fb9dcb35000-7fb9dcb39000 r--s 0003c000 08:05 4074950                    /usr/lib/jvm/java-7-openjdk-amd64/jre/lib/ext/sunpkcs11.jar
7fb9dcb39000-7fb9dcb41000 rw-s 00000000 08:05 5532102                    /tmp/hsperfdata_nelson/5956
7fb9dcb41000-7fb9dcb42000 rw-p 00000000 00:00 0 
7fb9dcb42000-7fb9dcb43000 ---p 00000000 00:00 0 
7fb9dcb43000-7fb9dcb45000 rw-p 00000000 00:00 0 
7fb9dcb45000-7fb9dcb46000 r--p 00022000 08:05 1591813                    /lib/x86_64-linux-gnu/ld-2.19.so
7fb9dcb46000-7fb9dcb47000 rw-p 00023000 08:05 1591813                    /lib/x86_64-linux-gnu/ld-2.19.so
7fb9dcb47000-7fb9dcb48000 rw-p 00000000 00:00 0 
7ffff3485000-7ffff34a7000 rw-p 00000000 00:00 0                          [stack]
7ffff3559000-7ffff355b000 r-xp 00000000 00:00 0                          [vdso]
ffffffffff600000-ffffffffff601000 r-xp 00000000 00:00 0                  [vsyscall]

VM Arguments:
jvm_args: -Xmx1024M 
java_command: /home/nelson/work/sdk/android-sdk-linux/build-tools/19.1.0/lib/dx.jar --dex --output=/home/nelson/work/idea-workspace-new2/kibnelson/muzima-android/target/classes.dex /home/nelson/.m2/repository/net/minidev/json-smart/1.1.1/json-smart-1.1.1.jar /home/nelson/.m2/repository/com/nineoldandroids/library/2.4.0/library-2.4.0.jar /home/nelson/.m2/repository/aopalliance/aopalliance/1.0/aopalliance-1.0.jar /home/nelson/.m2/repository/com/jayway/jsonpath/json-path/0.8.1/json-path-0.8.1.jar /home/nelson/.m2/repository/commons-codec/commons-codec/1.3/commons-codec-1.3.jar /home/nelson/.m2/repository/org/jsoup/jsoup/1.7.3/jsoup-1.7.3.jar /home/nelson/.m2/repository/ch/acra/acra/4.5.0/acra-4.5.0.jar /home/nelson/.m2/repository/com/muzima/search-api/1.0-SNAPSHOT/search-api-1.0-SNAPSHOT.jar /home/nelson/.m2/repository/lucene/transform/lucenetransform/0.9.2.2/lucenetransform-0.9.2.2.jar /home/nelson/.m2/repository/javax/inject/javax.inject/1/javax.inject-1.jar /home/nelson/.m2/repository/commons-lang/commons-lang/2.6/commons-lang-2.6.jar /home/nelson/.m2/repository/com/emilsjolander/stickylistheaders/1.0.0/stickylistheaders-1.0.0.jar /home/nelson/.m2/repository/com/google/inject/guice/3.0/guice-3.0-no_aop.jar /home/nelson/.m2/repository/com/google/inject/extensions/guice-throwingproviders/3.0/guice-throwingproviders-3.0.jar /home/nelson/.m2/repository/com/actionbarsherlock/actionbarsherlock/4.3.1/actionbarsherlock-4.3.1.apklib /home/nelson/.m2/repository/org/aspectj/aspectjrt/1.7.2/aspectjrt-1.7.2.jar /home/nelson/.m2/repository/com/madgag/sc-light-jdk15on/1.47.0.2/sc-light-jdk15on-1.47.0.2.jar /home/nelson/.m2/repository/com/futronic/futronic/1.0/futronic-1.0.jar /home/nelson/.m2/repository/com/muzima/muzima-api/1.0-SNAPSHOT/muzima-api-1.0-SNAPSHOT.jar /home/nelson/.m2/repository/com/madgag/scprov-jdk15on/1.47.0.2/scprov-jdk15on-1.47.0.2.jar /home/nelson/.m2/repository/org/slf4j/slf4j-api/1.7.5/slf4j-api-1.7.5.jar /home/nelson/.m2/repository/com/google/android/andro
Launcher Type: SUN_STANDARD

Environment Variables:
JAVA_HOME=/usr/lib/jvm/java-7-openjdk-amd64
PATH=/usr/local/sbin:/usr/local/bin:/usr/sbin:/usr/bin:/sbin:/bin:/usr/games:/usr/local/games
LD_LIBRARY_PATH=/home/nelson/Documents/FingerprintSDK/Linux_SDK_v4.2/Sample_Source/Java_Netbeans_Sample/x64/ftrJSDK
SHELL=/bin/bash
DISPLAY=:0

Signal Handlers:
SIGSEGV: [libjvm.so+0x9495e0], sa_mask[0]=0x7ffbfeff, sa_flags=0x10000004
SIGBUS: [libjvm.so+0x9495e0], sa_mask[0]=0x7ffbfeff, sa_flags=0x10000004
SIGFPE: [libjvm.so+0x7c3410], sa_mask[0]=0x7ffbfeff, sa_flags=0x10000004
SIGPIPE: [libjvm.so+0x7c3410], sa_mask[0]=0x7ffbfeff, sa_flags=0x10000004
SIGXFSZ: [libjvm.so+0x7c3410], sa_mask[0]=0x7ffbfeff, sa_flags=0x10000004
SIGILL: [libjvm.so+0x7c3410], sa_mask[0]=0x7ffbfeff, sa_flags=0x10000004
SIGUSR1: SIG_DFL, sa_mask[0]=0x00000000, sa_flags=0x00000000
SIGUSR2: [libjvm.so+0x7c32b0], sa_mask[0]=0x00000004, sa_flags=0x10000004
SIGHUP: [libjvm.so+0x7c3490], sa_mask[0]=0x7ffbfeff, sa_flags=0x10000004
SIGINT: [libjvm.so+0x7c3490], sa_mask[0]=0x7ffbfeff, sa_flags=0x10000004
SIGTERM: [libjvm.so+0x7c3490], sa_mask[0]=0x7ffbfeff, sa_flags=0x10000004
SIGQUIT: [libjvm.so+0x7c3490], sa_mask[0]=0x7ffbfeff, sa_flags=0x10000004
SIGTRAP: SIG_DFL, sa_mask[0]=0x00000000, sa_flags=0x00000000


---------------  S Y S T E M  ---------------

OS:Ubuntu 14.04 (trusty)
uname:Linux 3.13.0-36-generic #63-Ubuntu SMP Wed Sep 3 21:30:07 UTC 2014 x86_64
libc:glibc 2.19 NPTL 2.19 
rlimit: STACK 8192k, CORE 0k, NPROC 62770, NOFILE 4096, AS infinity
load average:4.11 2.54 1.78

/proc/meminfo:
MemTotal:        8056284 kB
MemFree:          110908 kB
Buffers:            2684 kB
Cached:           611736 kB
SwapCached:            0 kB
Active:          7073156 kB
Inactive:         579136 kB
Active(anon):    7042908 kB
Inactive(anon):   545232 kB
Active(file):      30248 kB
Inactive(file):    33904 kB
Unevictable:          32 kB
Mlocked:              32 kB
SwapTotal:             0 kB
SwapFree:              0 kB
Dirty:              3344 kB
Writeback:             0 kB
AnonPages:       7038196 kB
Mapped:           291696 kB
Shmem:            550036 kB
Slab:              98440 kB
SReclaimable:      50716 kB
SUnreclaim:        47724 kB
KernelStack:        7120 kB
PageTables:        63164 kB
NFS_Unstable:          0 kB
Bounce:                0 kB
WritebackTmp:          0 kB
CommitLimit:     4028140 kB
Committed_AS:   13115680 kB
VmallocTotal:   34359738367 kB
VmallocUsed:      362432 kB
VmallocChunk:   34359350636 kB
HardwareCorrupted:     0 kB
AnonHugePages:   3377152 kB
HugePages_Total:       0
HugePages_Free:        0
HugePages_Rsvd:        0
HugePages_Surp:        0
Hugepagesize:       2048 kB
DirectMap4k:      133884 kB
DirectMap2M:     8134656 kB


CPU:total 4 (2 cores per cpu, 2 threads per core) family 6 model 58 stepping 9, cmov, cx8, fxsr, mmx, sse, sse2, sse3, ssse3, sse4.1, sse4.2, popcnt, avx, aes, erms, ht, tsc, tscinvbit, tscinv

/proc/cpuinfo:
processor	: 0
vendor_id	: GenuineIntel
cpu family	: 6
model		: 58
model name	: Intel(R) Core(TM) i7-3537U CPU @ 2.00GHz
stepping	: 9
microcode	: 0x17
cpu MHz		: 2000.000
cache size	: 4096 KB
physical id	: 0
siblings	: 4
core id		: 0
cpu cores	: 2
apicid		: 0
initial apicid	: 0
fpu		: yes
fpu_exception	: yes
cpuid level	: 13
wp		: yes
flags		: fpu vme de pse tsc msr pae mce cx8 apic sep mtrr pge mca cmov pat pse36 clflush dts acpi mmx fxsr sse sse2 ss ht tm pbe syscall nx rdtscp lm constant_tsc arch_perfmon pebs bts rep_good nopl xtopology nonstop_tsc aperfmperf eagerfpu pni pclmulqdq dtes64 monitor ds_cpl vmx est tm2 ssse3 cx16 xtpr pdcm pcid sse4_1 sse4_2 x2apic popcnt tsc_deadline_timer aes xsave avx f16c rdrand lahf_lm ida arat epb xsaveopt pln pts dtherm tpr_shadow vnmi flexpriority ept vpid fsgsbase smep erms
bogomips	: 4988.75
clflush size	: 64
cache_alignment	: 64
address sizes	: 36 bits physical, 48 bits virtual
power management:

processor	: 1
vendor_id	: GenuineIntel
cpu family	: 6
model		: 58
model name	: Intel(R) Core(TM) i7-3537U CPU @ 2.00GHz
stepping	: 9
microcode	: 0x17
cpu MHz		: 2000.000
cache size	: 4096 KB
physical id	: 0
siblings	: 4
core id		: 0
cpu cores	: 2
apicid		: 1
initial apicid	: 1
fpu		: yes
fpu_exception	: yes
cpuid level	: 13
wp		: yes
flags		: fpu vme de pse tsc msr pae mce cx8 apic sep mtrr pge mca cmov pat pse36 clflush dts acpi mmx fxsr sse sse2 ss ht tm pbe syscall nx rdtscp lm constant_tsc arch_perfmon pebs bts rep_good nopl xtopology nonstop_tsc aperfmperf eagerfpu pni pclmulqdq dtes64 monitor ds_cpl vmx est tm2 ssse3 cx16 xtpr pdcm pcid sse4_1 sse4_2 x2apic popcnt tsc_deadline_timer aes xsave avx f16c rdrand lahf_lm ida arat epb xsaveopt pln pts dtherm tpr_shadow vnmi flexpriority ept vpid fsgsbase smep erms
bogomips	: 4988.75
clflush size	: 64
cache_alignment	: 64
address sizes	: 36 bits physical, 48 bits virtual
power management:

processor	: 2
vendor_id	: GenuineIntel
cpu family	: 6
model		: 58
model name	: Intel(R) Core(TM) i7-3537U CPU @ 2.00GHz
stepping	: 9
microcode	: 0x17
cpu MHz		: 2000.000
cache size	: 4096 KB
physical id	: 0
siblings	: 4
core id		: 1
cpu cores	: 2
apicid		: 2
initial apicid	: 2
fpu		: yes
fpu_exception	: yes
cpuid level	: 13
wp		: yes
flags		: fpu vme de pse tsc msr pae mce cx8 apic sep mtrr pge mca cmov pat pse36 clflush dts acpi mmx fxsr sse sse2 ss ht tm pbe syscall nx rdtscp lm constant_tsc arch_perfmon pebs bts rep_good nopl xtopology nonstop_tsc aperfmperf eagerfpu pni pclmulqdq dtes64 monitor ds_cpl vmx est tm2 ssse3 cx16 xtpr pdcm pcid sse4_1 sse4_2 x2apic popcnt tsc_deadline_timer aes xsave avx f16c rdrand lahf_lm ida arat epb xsaveopt pln pts dtherm tpr_shadow vnmi flexpriority ept vpid fsgsbase smep erms
bogomips	: 4988.75
clflush size	: 64
cache_alignment	: 64
address sizes	: 36 bits physical, 48 bits virtual
power management:

processor	: 3
vendor_id	: GenuineIntel
cpu family	: 6
model		: 58
model name	: Intel(R) Core(TM) i7-3537U CPU @ 2.00GHz
stepping	: 9
microcode	: 0x17
cpu MHz		: 2000.000
cache size	: 4096 KB
physical id	: 0
siblings	: 4
core id		: 1
cpu cores	: 2
apicid		: 3
initial apicid	: 3
fpu		: yes
fpu_exception	: yes
cpuid level	: 13
wp		: yes
flags		: fpu vme de pse tsc msr pae mce cx8 apic sep mtrr pge mca cmov pat pse36 clflush dts acpi mmx fxsr sse sse2 ss ht tm pbe syscall nx rdtscp lm constant_tsc arch_perfmon pebs bts rep_good nopl xtopology nonstop_tsc aperfmperf eagerfpu pni pclmulqdq dtes64 monitor ds_cpl vmx est tm2 ssse3 cx16 xtpr pdcm pcid sse4_1 sse4_2 x2apic popcnt tsc_deadline_timer aes xsave avx f16c rdrand lahf_lm ida arat epb xsaveopt pln pts dtherm tpr_shadow vnmi flexpriority ept vpid fsgsbase smep erms
bogomips	: 4988.75
clflush size	: 64
cache_alignment	: 64
address sizes	: 36 bits physical, 48 bits virtual
power management:



Memory: 4k page, physical 8056284k(110908k free), swap 0k(0k free)

vm_info: OpenJDK 64-Bit Server VM (24.65-b04) for linux-amd64 JRE (1.7.0_65-b32), built on Oct 22 2014 04:37:44 by "buildd" with gcc 4.8.2

time: Wed Oct 29 08:41:58 2014
elapsed time: 17 seconds

