#
# There is insufficient memory for the Java Runtime Environment to continue.
# Native memory allocation (malloc) failed to allocate 74448896 bytes for committing reserved memory.
# Possible reasons:
#   The system is out of physical RAM or swap space
#   In 32 bit mode, the process size limit was hit
# Possible solutions:
#   Reduce memory load on the system
#   Increase physical memory or swap space
#   Check if swap backing store is full
#   Use 64 bit Java on a 64 bit OS
#   Decrease Java heap size (-Xmx/-Xms)
#   Decrease number of Java threads
#   Decrease Java thread stack sizes (-Xss)
#   Set larger code cache with -XX:ReservedCodeCacheSize=
# This output file may be truncated or incomplete.
#
#  Out of Memory Error (os_linux.cpp:2798), pid=9728, tid=140004873602816
#
# JRE version: OpenJDK Runtime Environment (7.0_65-b32) (build 1.7.0_65-b32)
# Java VM: OpenJDK 64-Bit Server VM (24.65-b04 mixed mode linux-amd64 compressed oops)
# Derivative: IcedTea 2.5.3
# Distribution: Ubuntu 14.04 LTS, package 7u71-2.5.3-0ubuntu0.14.04.1
# Failed to write core dump. Core dumps have been disabled. To enable core dumping, try "ulimit -c unlimited" before starting Java again
#

---------------  T H R E A D  ---------------

Current thread (0x00007f556813d800):  VMThread [stack: 0x00007f556cb20000,0x00007f556cc21000] [id=9736]

Stack: [0x00007f556cb20000,0x00007f556cc21000],  sp=0x00007f556cc1f490,  free space=1021k
Native frames: (J=compiled Java code, j=interpreted, Vv=VM code, C=native code)
V  [libjvm.so+0x948b05]  VMError::report_and_die()+0x175
V  [libjvm.so+0x48bc34]  report_vm_out_of_memory(char const*, int, unsigned long, char const*)+0x74
V  [libjvm.so+0x7c7bfb]  os::pd_commit_memory(char*, unsigned long, unsigned long, bool)+0xeb
V  [libjvm.so+0x7c26bf]  os::commit_memory(char*, unsigned long, unsigned long, bool)+0x1f
V  [libjvm.so+0x833e4b]  PSVirtualSpace::expand_by(unsigned long)+0x5b
V  [libjvm.so+0x823b9b]  PSOldGen::expand_by(unsigned long) [clone .part.80]+0x1b
V  [libjvm.so+0x823d5b]  PSOldGen::expand(unsigned long) [clone .part.81]+0xdb
V  [libjvm.so+0x824c88]  PSOldGen::resize(unsigned long)+0x188
V  [libjvm.so+0x82bd54]  PSParallelCompact::invoke_no_policy(bool)+0x9c4
V  [libjvm.so+0x831f8d]  PSScavenge::invoke()+0x17d
V  [libjvm.so+0x7e8823]  ParallelScavengeHeap::failed_mem_allocate(unsigned long)+0x63
V  [libjvm.so+0x94a504]  VM_ParallelGCFailedAllocation::doit()+0x84
V  [libjvm.so+0x94e9f7]  VM_Operation::evaluate()+0x47
V  [libjvm.so+0x94d368]  VMThread::evaluate_operation(VM_Operation*)+0x318
V  [libjvm.so+0x94d7c9]  VMThread::loop()+0x219
V  [libjvm.so+0x94dc12]  VMThread::run()+0x72
V  [libjvm.so+0x7c4ac2]  java_start(Thread*)+0xf2

VM_Operation (0x00007f5571d07d20): ParallelGCFailedAllocation, mode: safepoint, requested by thread 0x00007f556800b000


---------------  P R O C E S S  ---------------

Java Threads: ( => current thread )
  0x00007f5568179000 JavaThread "Service Thread" daemon [_thread_blocked, id=9742, stack(0x00007f556c51a000,0x00007f556c61b000)]
  0x00007f5568176800 JavaThread "C2 CompilerThread1" daemon [_thread_blocked, id=9741, stack(0x00007f556c61b000,0x00007f556c71c000)]
  0x00007f5568174000 JavaThread "C2 CompilerThread0" daemon [_thread_blocked, id=9740, stack(0x00007f556c71c000,0x00007f556c81d000)]
  0x00007f5568171800 JavaThread "Signal Dispatcher" daemon [_thread_blocked, id=9739, stack(0x00007f556c81d000,0x00007f556c91e000)]
  0x00007f5568144000 JavaThread "Finalizer" daemon [_thread_blocked, id=9738, stack(0x00007f556c91e000,0x00007f556ca1f000)]
  0x00007f5568142000 JavaThread "Reference Handler" daemon [_thread_blocked, id=9737, stack(0x00007f556ca1f000,0x00007f556cb20000)]
  0x00007f556800b000 JavaThread "main" [_thread_blocked, id=9731, stack(0x00007f5571c09000,0x00007f5571d0a000)]

Other Threads:
=>0x00007f556813d800 VMThread [stack: 0x00007f556cb20000,0x00007f556cc21000] [id=9736]
  0x00007f5568183800 WatcherThread [stack: 0x00007f556c419000,0x00007f556c51a000] [id=9743]

VM state:at safepoint (normal execution)

VM Mutex/Monitor currently owned by a thread:  ([mutex/lock_event])
[0x00007f5568006ee0] ExpandHeap_lock - owner thread: 0x00007f556813d800
[0x00007f5568007560] Threads_lock - owner thread: 0x00007f556813d800
[0x00007f5568007a60] Heap_lock - owner thread: 0x00007f556800b000

Heap
 PSYoungGen      total 278528K, used 31122K [0x00000000eaa80000, 0x0000000100000000, 0x0000000100000000)
  eden space 241152K, 0% used [0x00000000eaa80000,0x00000000eaa80000,0x00000000f9600000)
  from space 37376K, 83% used [0x00000000f9600000,0x00000000fb464978,0x00000000fba80000)
  to   space 55808K, 0% used [0x00000000fc980000,0x00000000fc980000,0x0000000100000000)
 ParOldGen       total 83968K, used 83614K [0x00000000c0000000, 0x00000000c5200000, 0x00000000eaa80000)
  object space 83968K, 99% used [0x00000000c0000000,0x00000000c51a7a98,0x00000000c5200000)
 PSPermGen       total 21504K, used 5909K [0x00000000b5a00000, 0x00000000b6f00000, 0x00000000c0000000)
  object space 21504K, 27% used [0x00000000b5a00000,0x00000000b5fc5440,0x00000000b6f00000)

Card table byte_map: [0x00007f556e5fb000,0x00007f556e84f000] byte_map_base: 0x00007f556e04e000

Polling page: 0x00007f5571d29000

Code Cache  [0x00007f5565000000, 0x00007f5565300000, 0x00007f5568000000)
 total_blobs=975 nmethods=748 adapters=180 free_code_cache=46182Kb largest_free_block=47251200

Compilation events (10 events):
Event: 6.492 Thread 0x00007f5568176800 nmethod 770 0x00007f556522cf10 code [0x00007f556522d140, 0x00007f556522dc50]
Event: 6.493 Thread 0x00007f5568174000 nmethod 772 0x00007f55652dc790 code [0x00007f55652dc920, 0x00007f55652dcc48]
Event: 6.543 Thread 0x00007f5568176800  773             java.util.HashMap$HashIterator::<init> (63 bytes)
Event: 6.545 Thread 0x00007f5568176800 nmethod 773 0x00007f556522cbd0 code [0x00007f556522cd20, 0x00007f556522ce18]
Event: 6.566 Thread 0x00007f5568174000  774             java.util.TreeMap::rotateLeft (96 bytes)
Event: 6.567 Thread 0x00007f5568174000 nmethod 774 0x00007f556522ec90 code [0x00007f556522ede0, 0x00007f556522ef18]
Event: 6.633 Thread 0x00007f5568176800  775             com.android.dx.rop.cst.CstKnownNull::hashCode (3 bytes)
Event: 6.633 Thread 0x00007f5568176800 nmethod 775 0x00007f55652dc590 code [0x00007f55652dc6c0, 0x00007f55652dc718]
Event: 6.653 Thread 0x00007f5568174000  776             com.android.dx.cf.code.LocalVariableList::itemToLocal (47 bytes)
Event: 6.656 Thread 0x00007f5568174000 nmethod 776 0x00007f5565277f10 code [0x00007f5565278060, 0x00007f5565278318]

GC Heap History (10 events):
Event: 4.234 GC heap after
Heap after GC invocations=5 (full 0):
 PSYoungGen      total 68608K, used 5120K [0x00000000eaa80000, 0x00000000f4780000, 0x0000000100000000)
  eden space 63488K, 0% used [0x00000000eaa80000,0x00000000eaa80000,0x00000000ee880000)
  from space 5120K, 100% used [0x00000000ee880000,0x00000000eed80000,0x00000000eed80000)
  to   space 16896K, 0% used [0x00000000f3700000,0x00000000f3700000,0x00000000f4780000)
 ParOldGen       total 83968K, used 26750K [0x00000000c0000000, 0x00000000c5200000, 0x00000000eaa80000)
  object space 83968K, 31% used [0x00000000c0000000,0x00000000c1a1faf0,0x00000000c5200000)
 PSPermGen       total 21504K, used 5771K [0x00000000b5a00000, 0x00000000b6f00000, 0x00000000c0000000)
  object space 21504K, 26% used [0x00000000b5a00000,0x00000000b5fa2e28,0x00000000b6f00000)
}
Event: 4.493 GC heap before
{Heap before GC invocations=6 (full 0):
 PSYoungGen      total 68608K, used 68608K [0x00000000eaa80000, 0x00000000f4780000, 0x0000000100000000)
  eden space 63488K, 100% used [0x00000000eaa80000,0x00000000ee880000,0x00000000ee880000)
  from space 5120K, 100% used [0x00000000ee880000,0x00000000eed80000,0x00000000eed80000)
  to   space 16896K, 0% used [0x00000000f3700000,0x00000000f3700000,0x00000000f4780000)
 ParOldGen       total 83968K, used 26750K [0x00000000c0000000, 0x00000000c5200000, 0x00000000eaa80000)
  object space 83968K, 31% used [0x00000000c0000000,0x00000000c1a1faf0,0x00000000c5200000)
 PSPermGen       total 21504K, used 5783K [0x00000000b5a00000, 0x00000000b6f00000, 0x00000000c0000000)
  object space 21504K, 26% used [0x00000000b5a00000,0x00000000b5fa5fa0,0x00000000b6f00000)
Event: 4.516 GC heap after
Heap after GC invocations=6 (full 0):
 PSYoungGen      total 141824K, used 15401K [0x00000000eaa80000, 0x00000000f4b80000, 0x0000000100000000)
  eden space 124928K, 0% used [0x00000000eaa80000,0x00000000eaa80000,0x00000000f2480000)
  from space 16896K, 91% used [0x00000000f3700000,0x00000000f460a648,0x00000000f4780000)
  to   space 18944K, 0% used [0x00000000f2480000,0x00000000f2480000,0x00000000f3700000)
 ParOldGen       total 83968K, used 26750K [0x00000000c0000000, 0x00000000c5200000, 0x00000000eaa80000)
  object space 83968K, 31% used [0x00000000c0000000,0x00000000c1a1faf0,0x00000000c5200000)
 PSPermGen       total 21504K, used 5783K [0x00000000b5a00000, 0x00000000b6f00000, 0x00000000c0000000)
  object space 21504K, 26% used [0x00000000b5a00000,0x00000000b5fa5fa0,0x00000000b6f00000)
}
Event: 4.955 GC heap before
{Heap before GC invocations=7 (full 0):
 PSYoungGen      total 141824K, used 140329K [0x00000000eaa80000, 0x00000000f4b80000, 0x0000000100000000)
  eden space 124928K, 100% used [0x00000000eaa80000,0x00000000f2480000,0x00000000f2480000)
  from space 16896K, 91% used [0x00000000f3700000,0x00000000f460a648,0x00000000f4780000)
  to   space 18944K, 0% used [0x00000000f2480000,0x00000000f2480000,0x00000000f3700000)
 ParOldGen       total 83968K, used 26750K [0x00000000c0000000, 0x00000000c5200000, 0x00000000eaa80000)
  object space 83968K, 31% used [0x00000000c0000000,0x00000000c1a1faf0,0x00000000c5200000)
 PSPermGen       total 21504K, used 5836K [0x00000000b5a00000, 0x00000000b6f00000, 0x00000000c0000000)
  object space 21504K, 27% used [0x00000000b5a00000,0x00000000b5fb30b0,0x00000000b6f00000)
Event: 5.029 GC heap after
Heap after GC invocations=7 (full 0):
 PSYoungGen      total 143872K, used 18928K [0x00000000eaa80000, 0x00000000fd680000, 0x0000000100000000)
  eden space 124928K, 0% used [0x00000000eaa80000,0x00000000eaa80000,0x00000000f2480000)
  from space 18944K, 99% used [0x00000000f2480000,0x00000000f36fc058,0x00000000f3700000)
  to   space 28672K, 0% used [0x00000000fba80000,0x00000000fba80000,0x00000000fd680000)
 ParOldGen       total 83968K, used 40409K [0x00000000c0000000, 0x00000000c5200000, 0x00000000eaa80000)
  object space 83968K, 48% used [0x00000000c0000000,0x00000000c27765a8,0x00000000c5200000)
 PSPermGen       total 21504K, used 5836K [0x00000000b5a00000, 0x00000000b6f00000, 0x00000000c0000000)
  object space 21504K, 27% used [0x00000000b5a00000,0x00000000b5fb30b0,0x00000000b6f00000)
}
Event: 5.507 GC heap before
{Heap before GC invocations=8 (full 0):
 PSYoungGen      total 143872K, used 143856K [0x00000000eaa80000, 0x00000000fd680000, 0x0000000100000000)
  eden space 124928K, 100% used [0x00000000eaa80000,0x00000000f2480000,0x00000000f2480000)
  from space 18944K, 99% used [0x00000000f2480000,0x00000000f36fc058,0x00000000f3700000)
  to   space 28672K, 0% used [0x00000000fba80000,0x00000000fba80000,0x00000000fd680000)
 ParOldGen       total 83968K, used 40409K [0x00000000c0000000, 0x00000000c5200000, 0x00000000eaa80000)
  object space 83968K, 48% used [0x00000000c0000000,0x00000000c27765a8,0x00000000c5200000)
 PSPermGen       total 21504K, used 5898K [0x00000000b5a00000, 0x00000000b6f00000, 0x00000000c0000000)
  object space 21504K, 27% used [0x00000000b5a00000,0x00000000b5fc29f0,0x00000000b6f00000)
Event: 5.660 GC heap after
Heap after GC invocations=8 (full 0):
 PSYoungGen      total 269824K, used 28670K [0x00000000eaa80000, 0x00000000fe780000, 0x0000000100000000)
  eden space 241152K, 0% used [0x00000000eaa80000,0x00000000eaa80000,0x00000000f9600000)
  from space 28672K, 99% used [0x00000000fba80000,0x00000000fd67fa00,0x00000000fd680000)
  to   space 37376K, 0% used [0x00000000f9600000,0x00000000f9600000,0x00000000fba80000)
 ParOldGen       total 83968K, used 50214K [0x00000000c0000000, 0x00000000c5200000, 0x00000000eaa80000)
  object space 83968K, 59% used [0x00000000c0000000,0x00000000c3109900,0x00000000c5200000)
 PSPermGen       total 21504K, used 5898K [0x00000000b5a00000, 0x00000000b6f00000, 0x00000000c0000000)
  object space 21504K, 27% used [0x00000000b5a00000,0x00000000b5fc29f0,0x00000000b6f00000)
}
Event: 6.675 GC heap before
{Heap before GC invocations=9 (full 0):
 PSYoungGen      total 269824K, used 269822K [0x00000000eaa80000, 0x00000000fe780000, 0x0000000100000000)
  eden space 241152K, 100% used [0x00000000eaa80000,0x00000000f9600000,0x00000000f9600000)
  from space 28672K, 99% used [0x00000000fba80000,0x00000000fd67fa00,0x00000000fd680000)
  to   space 37376K, 0% used [0x00000000f9600000,0x00000000f9600000,0x00000000fba80000)
 ParOldGen       total 83968K, used 50214K [0x00000000c0000000, 0x00000000c5200000, 0x00000000eaa80000)
  object space 83968K, 59% used [0x00000000c0000000,0x00000000c3109900,0x00000000c5200000)
 PSPermGen       total 21504K, used 5914K [0x00000000b5a00000, 0x00000000b6f00000, 0x00000000c0000000)
  object space 21504K, 27% used [0x00000000b5a00000,0x00000000b5fc6958,0x00000000b6f00000)
Event: 6.760 GC heap after
Heap after GC invocations=9 (full 0):
 PSYoungGen      total 278528K, used 37364K [0x00000000eaa80000, 0x0000000100000000, 0x0000000100000000)
  eden space 241152K, 0% used [0x00000000eaa80000,0x00000000eaa80000,0x00000000f9600000)
  from space 37376K, 99% used [0x00000000f9600000,0x00000000fba7d170,0x00000000fba80000)
  to   space 55808K, 0% used [0x00000000fc980000,0x00000000fc980000,0x0000000100000000)
 ParOldGen       total 83968K, used 81559K [0x00000000c0000000, 0x00000000c5200000, 0x00000000eaa80000)
  object space 83968K, 97% used [0x00000000c0000000,0x00000000c4fa5fd8,0x00000000c5200000)
 PSPermGen       total 21504K, used 5914K [0x00000000b5a00000, 0x00000000b6f00000, 0x00000000c0000000)
  object space 21504K, 27% used [0x00000000b5a00000,0x00000000b5fc6958,0x00000000b6f00000)
}
Event: 6.760 GC heap before
{Heap before GC invocations=10 (full 1):
 PSYoungGen      total 278528K, used 37364K [0x00000000eaa80000, 0x0000000100000000, 0x0000000100000000)
  eden space 241152K, 0% used [0x00000000eaa80000,0x00000000eaa80000,0x00000000f9600000)
  from space 37376K, 99% used [0x00000000f9600000,0x00000000fba7d170,0x00000000fba80000)
  to   space 55808K, 0% used [0x00000000fc980000,0x00000000fc980000,0x0000000100000000)
 ParOldGen       total 83968K, used 81559K [0x00000000c0000000, 0x00000000c5200000, 0x00000000eaa80000)
  object space 83968K, 97% used [0x00000000c0000000,0x00000000c4fa5fd8,0x00000000c5200000)
 PSPermGen       total 21504K, used 5914K [0x00000000b5a00000, 0x00000000b6f00000, 0x00000000c0000000)
  object space 21504K, 27% used [0x00000000b5a00000,0x00000000b5fc6958,0x00000000b6f00000)

Deoptimization events (10 events):
Event: 5.405 Thread 0x00007f556800b000 Uncommon trap: reason=class_check action=maybe_recompile pc=0x00007f55652b23d8 method=com.android.dx.cf.code.BytecodeArray.parseInstruction(ILcom/android/dx/cf/code/BytecodeArray$Visitor;)I @ 1642
Event: 5.725 Thread 0x00007f556800b000 Uncommon trap: reason=class_check action=maybe_recompile pc=0x00007f55652b23d8 method=com.android.dx.cf.code.BytecodeArray.parseInstruction(ILcom/android/dx/cf/code/BytecodeArray$Visitor;)I @ 1642
Event: 5.733 Thread 0x00007f556800b000 Uncommon trap: reason=class_check action=maybe_recompile pc=0x00007f55652619d0 method=com.android.dx.cf.code.RopperMachine.run(Lcom/android/dx/cf/code/Frame;II)V @ 1024
Event: 5.787 Thread 0x00007f556800b000 Uncommon trap: reason=class_check action=maybe_recompile pc=0x00007f55651ca024 method=com.android.dx.ssa.SCCP.replaceConstants()V @ 127
Event: 5.788 Thread 0x00007f556800b000 Uncommon trap: reason=bimorphic action=maybe_recompile pc=0x00007f556526ae74 method=com.android.dx.ssa.LiteralOpUpgrader.tryReplacingWithConstant(Lcom/android/dx/ssa/NormalSsaInsn;)Z @ 62
Event: 5.838 Thread 0x00007f556800b000 Uncommon trap: reason=class_check action=maybe_recompile pc=0x00007f55651ca024 method=com.android.dx.ssa.SCCP.replaceConstants()V @ 127
Event: 5.838 Thread 0x00007f556800b000 Uncommon trap: reason=bimorphic action=maybe_recompile pc=0x00007f556526ae74 method=com.android.dx.ssa.LiteralOpUpgrader.tryReplacingWithConstant(Lcom/android/dx/ssa/NormalSsaInsn;)Z @ 62
Event: 5.960 Thread 0x00007f556800b000 Uncommon trap: reason=class_check action=maybe_recompile pc=0x00007f55651ca024 method=com.android.dx.ssa.SCCP.replaceConstants()V @ 127
Event: 6.112 Thread 0x00007f556800b000 Uncommon trap: reason=null_check action=make_not_entrant pc=0x00007f55652d3e50 method=com.android.dx.rop.cst.CstType.intern(Lcom/android/dx/rop/type/Type;)Lcom/android/dx/rop/cst/CstType; @ 13
Event: 6.221 Thread 0x00007f556800b000 Uncommon trap: reason=unreached action=reinterpret pc=0x00007f5565231940 method=com.android.dx.cf.direct.StdAttributeFactory.parse0(Lcom/android/dx/cf/direct/DirectClassFile;ILjava/lang/String;IILcom/android/dx/cf/iface/ParseObserver;)Lcom/android/dx/cf/i

Internal exceptions (10 events):
Event: 4.688 Thread 0x00007f556800b000 Threw 0x00000000ed8802c0 at /build/buildd/openjdk-7-7u71-2.5.3/build/openjdk/hotspot/src/share/vm/prims/jvm.cpp:1284
Event: 4.688 Thread 0x00007f556800b000 Threw 0x00000000ed88f650 at /build/buildd/openjdk-7-7u71-2.5.3/build/openjdk/hotspot/src/share/vm/prims/jvm.cpp:1284
Event: 4.689 Thread 0x00007f556800b000 Threw 0x00000000ed892230 at /build/buildd/openjdk-7-7u71-2.5.3/build/openjdk/hotspot/src/share/vm/prims/jvm.cpp:1284
Event: 4.874 Thread 0x00007f556800b000 Threw 0x00000000f1271de0 at /build/buildd/openjdk-7-7u71-2.5.3/build/openjdk/hotspot/src/share/vm/prims/jvm.cpp:1284
Event: 5.031 Thread 0x00007f556800b000 Threw 0x00000000eaaccc68 at /build/buildd/openjdk-7-7u71-2.5.3/build/openjdk/hotspot/src/share/vm/prims/jvm.cpp:1284
Event: 5.031 Thread 0x00007f556800b000 Threw 0x00000000eaacfb88 at /build/buildd/openjdk-7-7u71-2.5.3/build/openjdk/hotspot/src/share/vm/prims/jvm.cpp:1284
Event: 5.033 Thread 0x00007f556800b000 Threw 0x00000000eab24100 at /build/buildd/openjdk-7-7u71-2.5.3/build/openjdk/hotspot/src/share/vm/prims/jvm.cpp:1284
Event: 5.034 Thread 0x00007f556800b000 Threw 0x00000000eab2a050 at /build/buildd/openjdk-7-7u71-2.5.3/build/openjdk/hotspot/src/share/vm/prims/jvm.cpp:1284
Event: 5.034 Thread 0x00007f556800b000 Threw 0x00000000eab2fd18 at /build/buildd/openjdk-7-7u71-2.5.3/build/openjdk/hotspot/src/share/vm/prims/jvm.cpp:1284
Event: 6.112 Thread 0x00007f556800b000 Implicit null exception at 0x00007f55652d187b to 0x00007f55652d3e45

Events (10 events):
Event: 5.960 Thread 0x00007f556800b000 Uncommon trap: trap_request=0xffffffde fr.pc=0x00007f55651ca024
Event: 5.960 Thread 0x00007f556800b000 DEOPT PACKING pc=0x00007f55651ca024 sp=0x00007f5571d07ee0
Event: 5.960 Thread 0x00007f556800b000 DEOPT UNPACKING pc=0x00007f5565039445 sp=0x00007f5571d07e60 mode 2
Event: 6.112 Thread 0x00007f556800b000 Uncommon trap: trap_request=0xfffffff4 fr.pc=0x00007f55652d3e50
Event: 6.112 Thread 0x00007f556800b000 DEOPT PACKING pc=0x00007f55652d3e50 sp=0x00007f5571d07df0
Event: 6.112 Thread 0x00007f556800b000 DEOPT UNPACKING pc=0x00007f5565039445 sp=0x00007f5571d07ce8 mode 2
Event: 6.221 Thread 0x00007f556800b000 Uncommon trap: trap_request=0xffffffad fr.pc=0x00007f5565231940
Event: 6.221 Thread 0x00007f556800b000 DEOPT PACKING pc=0x00007f5565231940 sp=0x00007f5571d08110
Event: 6.221 Thread 0x00007f556800b000 DEOPT UNPACKING pc=0x00007f5565039445 sp=0x00007f5571d080c8 mode 2
Event: 6.675 Executing VM operation: ParallelGCFailedAllocation


Dynamic libraries:
00400000-00401000 r-xp 00000000 08:05 129                                /usr/lib/jvm/java-7-openjdk-amd64/jre/bin/java
00600000-00601000 r--p 00000000 08:05 129                                /usr/lib/jvm/java-7-openjdk-amd64/jre/bin/java
00601000-00602000 rw-p 00001000 08:05 129                                /usr/lib/jvm/java-7-openjdk-amd64/jre/bin/java
0061f000-00640000 rw-p 00000000 00:00 0                                  [heap]
b5a00000-b6f00000 rw-p 00000000 00:00 0 
b6f00000-c0000000 rw-p 00000000 00:00 0 
c0000000-c5200000 rw-p 00000000 00:00 0 
c9900000-eaa80000 rw-p 00000000 00:00 0 
eaa80000-100000000 rw-p 00000000 00:00 0 
7f5530000000-7f5530021000 rw-p 00000000 00:00 0 
7f5530021000-7f5534000000 ---p 00000000 00:00 0 
7f5534000000-7f5534021000 rw-p 00000000 00:00 0 
7f5534021000-7f5538000000 ---p 00000000 00:00 0 
7f5538000000-7f55396b3000 rw-p 00000000 00:00 0 
7f55396b3000-7f553c000000 ---p 00000000 00:00 0 
7f553c000000-7f553cf83000 rw-p 00000000 00:00 0 
7f553cf83000-7f5540000000 ---p 00000000 00:00 0 
7f5540000000-7f5540021000 rw-p 00000000 00:00 0 
7f5540021000-7f5544000000 ---p 00000000 00:00 0 
7f5544000000-7f5544021000 rw-p 00000000 00:00 0 
7f5544021000-7f5548000000 ---p 00000000 00:00 0 
7f5548000000-7f5548241000 rw-p 00000000 00:00 0 
7f5548241000-7f554c000000 ---p 00000000 00:00 0 
7f554c000000-7f554c021000 rw-p 00000000 00:00 0 
7f554c021000-7f5550000000 ---p 00000000 00:00 0 
7f5550000000-7f5550021000 rw-p 00000000 00:00 0 
7f5550021000-7f5554000000 ---p 00000000 00:00 0 
7f5554000000-7f5554021000 rw-p 00000000 00:00 0 
7f5554021000-7f5558000000 ---p 00000000 00:00 0 
7f5558000000-7f5558021000 rw-p 00000000 00:00 0 
7f5558021000-7f555c000000 ---p 00000000 00:00 0 
7f555c000000-7f555c021000 rw-p 00000000 00:00 0 
7f555c021000-7f5560000000 ---p 00000000 00:00 0 
7f5560bda000-7f5560c17000 r-xp 00000000 08:05 1576947                    /lib/x86_64-linux-gnu/libpcre.so.3.13.1
7f5560c17000-7f5560e16000 ---p 0003d000 08:05 1576947                    /lib/x86_64-linux-gnu/libpcre.so.3.13.1
7f5560e16000-7f5560e17000 r--p 0003c000 08:05 1576947                    /lib/x86_64-linux-gnu/libpcre.so.3.13.1
7f5560e17000-7f5560e18000 rw-p 0003d000 08:05 1576947                    /lib/x86_64-linux-gnu/libpcre.so.3.13.1
7f5560e18000-7f5560e1f000 r-xp 00000000 08:05 5382426                    /usr/lib/x86_64-linux-gnu/libffi.so.6.0.1
7f5560e1f000-7f556101e000 ---p 00007000 08:05 5382426                    /usr/lib/x86_64-linux-gnu/libffi.so.6.0.1
7f556101e000-7f556101f000 r--p 00006000 08:05 5382426                    /usr/lib/x86_64-linux-gnu/libffi.so.6.0.1
7f556101f000-7f5561020000 rw-p 00007000 08:05 5382426                    /usr/lib/x86_64-linux-gnu/libffi.so.6.0.1
7f5561020000-7f5561037000 r-xp 00000000 08:05 1591805                    /lib/x86_64-linux-gnu/libresolv-2.19.so
7f5561037000-7f5561237000 ---p 00017000 08:05 1591805                    /lib/x86_64-linux-gnu/libresolv-2.19.so
7f5561237000-7f5561238000 r--p 00017000 08:05 1591805                    /lib/x86_64-linux-gnu/libresolv-2.19.so
7f5561238000-7f5561239000 rw-p 00018000 08:05 1591805                    /lib/x86_64-linux-gnu/libresolv-2.19.so
7f5561239000-7f556123b000 rw-p 00000000 00:00 0 
7f556123b000-7f556125b000 r-xp 00000000 08:05 1576822                    /lib/x86_64-linux-gnu/libselinux.so.1
7f556125b000-7f556145a000 ---p 00020000 08:05 1576822                    /lib/x86_64-linux-gnu/libselinux.so.1
7f556145a000-7f556145b000 r--p 0001f000 08:05 1576822                    /lib/x86_64-linux-gnu/libselinux.so.1
7f556145b000-7f556145c000 rw-p 00020000 08:05 1576822                    /lib/x86_64-linux-gnu/libselinux.so.1
7f556145c000-7f556145e000 rw-p 00000000 00:00 0 
7f556145e000-7f5561461000 r-xp 00000000 08:05 5382543                    /usr/lib/x86_64-linux-gnu/libgmodule-2.0.so.0.4000.0
7f5561461000-7f5561660000 ---p 00003000 08:05 5382543                    /usr/lib/x86_64-linux-gnu/libgmodule-2.0.so.0.4000.0
7f5561660000-7f5561661000 r--p 00002000 08:05 5382543                    /usr/lib/x86_64-linux-gnu/libgmodule-2.0.so.0.4000.0
7f5561661000-7f5561662000 rw-p 00003000 08:05 5382543                    /usr/lib/x86_64-linux-gnu/libgmodule-2.0.so.0.4000.0
7f5561662000-7f5561768000 r-xp 00000000 08:05 1576875                    /lib/x86_64-linux-gnu/libglib-2.0.so.0.4000.0
7f5561768000-7f5561967000 ---p 00106000 08:05 1576875                    /lib/x86_64-linux-gnu/libglib-2.0.so.0.4000.0
7f5561967000-7f5561968000 r--p 00105000 08:05 1576875                    /lib/x86_64-linux-gnu/libglib-2.0.so.0.4000.0
7f5561968000-7f5561969000 rw-p 00106000 08:05 1576875                    /lib/x86_64-linux-gnu/libglib-2.0.so.0.4000.0
7f5561969000-7f556196a000 rw-p 00000000 00:00 0 
7f556196a000-7f55619b9000 r-xp 00000000 08:05 5382559                    /usr/lib/x86_64-linux-gnu/libgobject-2.0.so.0.4000.0
7f55619b9000-7f5561bb9000 ---p 0004f000 08:05 5382559                    /usr/lib/x86_64-linux-gnu/libgobject-2.0.so.0.4000.0
7f5561bb9000-7f5561bba000 r--p 0004f000 08:05 5382559                    /usr/lib/x86_64-linux-gnu/libgobject-2.0.so.0.4000.0
7f5561bba000-7f5561bbb000 rw-p 00050000 08:05 5382559                    /usr/lib/x86_64-linux-gnu/libgobject-2.0.so.0.4000.0
7f5561bbb000-7f5561d26000 r-xp 00000000 08:05 5382529                    /usr/lib/x86_64-linux-gnu/libgio-2.0.so.0.4000.0
7f5561d26000-7f5561f26000 ---p 0016b000 08:05 5382529                    /usr/lib/x86_64-linux-gnu/libgio-2.0.so.0.4000.0
7f5561f26000-7f5561f2a000 r--p 0016b000 08:05 5382529                    /usr/lib/x86_64-linux-gnu/libgio-2.0.so.0.4000.0
7f5561f2a000-7f5561f2c000 rw-p 0016f000 08:05 5382529                    /usr/lib/x86_64-linux-gnu/libgio-2.0.so.0.4000.0
7f5561f2c000-7f5561f2e000 rw-p 00000000 00:00 0 
7f5561f2e000-7f5561f45000 r-xp 00000000 08:05 4074897                    /usr/lib/jvm/java-7-openjdk-amd64/jre/lib/amd64/libnet.so
7f5561f45000-7f5562144000 ---p 00017000 08:05 4074897                    /usr/lib/jvm/java-7-openjdk-amd64/jre/lib/amd64/libnet.so
7f5562144000-7f5562145000 r--p 00016000 08:05 4074897                    /usr/lib/jvm/java-7-openjdk-amd64/jre/lib/amd64/libnet.so
7f5562145000-7f5562146000 rw-p 00017000 08:05 4074897                    /usr/lib/jvm/java-7-openjdk-amd64/jre/lib/amd64/libnet.so
7f5562146000-7f5562ad0000 r--p 00000000 08:05 5381111                    /usr/lib/locale/locale-archive
7f5562ad0000-7f5565000000 rw-p 00000000 00:00 0 
7f5565000000-7f5565300000 rwxp 00000000 00:00 0 
7f5565300000-7f5568351000 rw-p 00000000 00:00 0 
7f5568351000-7f556c000000 ---p 00000000 00:00 0 
7f556c1ec000-7f556c1f7000 r--s 0006c000 08:05 277039                     /home/nelson/.m2/repository/com/google/inject/guice/3.0/guice-3.0-no_aop.jar
7f556c1f7000-7f556c207000 r-xp 00000000 08:05 4074912                    /usr/lib/jvm/java-7-openjdk-amd64/jre/lib/amd64/libnio.so
7f556c207000-7f556c407000 ---p 00010000 08:05 4074912                    /usr/lib/jvm/java-7-openjdk-amd64/jre/lib/amd64/libnio.so
7f556c407000-7f556c408000 r--p 00010000 08:05 4074912                    /usr/lib/jvm/java-7-openjdk-amd64/jre/lib/amd64/libnio.so
7f556c408000-7f556c409000 rw-p 00011000 08:05 4074912                    /usr/lib/jvm/java-7-openjdk-amd64/jre/lib/amd64/libnio.so
7f556c40b000-7f556c419000 r--s 000cf000 08:05 2125330                    /home/nelson/work/sdk/android-sdk-linux/build-tools/19.1.0/lib/dx.jar
7f556c419000-7f556c41a000 ---p 00000000 00:00 0 
7f556c41a000-7f556c51a000 rw-p 00000000 00:00 0                          [stack:9743]
7f556c51a000-7f556c51d000 ---p 00000000 00:00 0 
7f556c51d000-7f556c61b000 rw-p 00000000 00:00 0                          [stack:9742]
7f556c61b000-7f556c61e000 ---p 00000000 00:00 0 
7f556c61e000-7f556c71c000 rw-p 00000000 00:00 0                          [stack:9741]
7f556c71c000-7f556c71f000 ---p 00000000 00:00 0 
7f556c71f000-7f556c81d000 rw-p 00000000 00:00 0                          [stack:9740]
7f556c81d000-7f556c820000 ---p 00000000 00:00 0 
7f556c820000-7f556c91e000 rw-p 00000000 00:00 0                          [stack:9739]
7f556c91e000-7f556c921000 ---p 00000000 00:00 0 
7f556c921000-7f556ca1f000 rw-p 00000000 00:00 0                          [stack:9738]
7f556ca1f000-7f556ca22000 ---p 00000000 00:00 0 
7f556ca22000-7f556cb20000 rw-p 00000000 00:00 0                          [stack:9737]
7f556cb20000-7f556cb21000 ---p 00000000 00:00 0 
7f556cb21000-7f556db79000 rw-p 00000000 00:00 0                          [stack:9736]
7f556db79000-7f556dd2a000 r--s 01d25000 08:05 4074954                    /usr/lib/jvm/java-7-openjdk-amd64/jre/lib/rt.jar
7f556dd2a000-7f556e04e000 rw-p 00000000 00:00 0 
7f556e04e000-7f556e04f000 ---p 00000000 00:00 0 
7f556e04f000-7f556e14f000 rw-p 00000000 00:00 0                          [stack:9735]
7f556e14f000-7f556e150000 ---p 00000000 00:00 0 
7f556e150000-7f556e250000 rw-p 00000000 00:00 0                          [stack:9734]
7f556e250000-7f556e251000 ---p 00000000 00:00 0 
7f556e251000-7f556e351000 rw-p 00000000 00:00 0                          [stack:9733]
7f556e351000-7f556e352000 ---p 00000000 00:00 0 
7f556e352000-7f556e45d000 rw-p 00000000 00:00 0                          [stack:9732]
7f556e45d000-7f556e4a5000 rw-p 00000000 00:00 0 
7f556e4a5000-7f556e4ce000 rw-p 00000000 00:00 0 
7f556e4ce000-7f556e5fb000 rw-p 00000000 00:00 0 
7f556e5fb000-7f556e606000 rw-p 00000000 00:00 0 
7f556e606000-7f556e64e000 rw-p 00000000 00:00 0 
7f556e64e000-7f556e677000 rw-p 00000000 00:00 0 
7f556e677000-7f556e7a3000 rw-p 00000000 00:00 0 
7f556e7a3000-7f556e84e000 rw-p 00000000 00:00 0 
7f556e84e000-7f556e84f000 rw-p 00000000 00:00 0 
7f556e84f000-7f556e857000 r-xp 00000000 08:05 4074838                    /usr/lib/jvm/java-7-openjdk-amd64/jre/lib/amd64/libzip.so
7f556e857000-7f556ea56000 ---p 00008000 08:05 4074838                    /usr/lib/jvm/java-7-openjdk-amd64/jre/lib/amd64/libzip.so
7f556ea56000-7f556ea57000 r--p 00007000 08:05 4074838                    /usr/lib/jvm/java-7-openjdk-amd64/jre/lib/amd64/libzip.so
7f556ea57000-7f556ea58000 rw-p 00008000 08:05 4074838                    /usr/lib/jvm/java-7-openjdk-amd64/jre/lib/amd64/libzip.so
7f556ea58000-7f556ea63000 r-xp 00000000 08:05 1591819                    /lib/x86_64-linux-gnu/libnss_files-2.19.so
7f556ea63000-7f556ec62000 ---p 0000b000 08:05 1591819                    /lib/x86_64-linux-gnu/libnss_files-2.19.so
7f556ec62000-7f556ec63000 r--p 0000a000 08:05 1591819                    /lib/x86_64-linux-gnu/libnss_files-2.19.so
7f556ec63000-7f556ec64000 rw-p 0000b000 08:05 1591819                    /lib/x86_64-linux-gnu/libnss_files-2.19.so
7f556ec64000-7f556ec6f000 r-xp 00000000 08:05 1591820                    /lib/x86_64-linux-gnu/libnss_nis-2.19.so
7f556ec6f000-7f556ee6e000 ---p 0000b000 08:05 1591820                    /lib/x86_64-linux-gnu/libnss_nis-2.19.so
7f556ee6e000-7f556ee6f000 r--p 0000a000 08:05 1591820                    /lib/x86_64-linux-gnu/libnss_nis-2.19.so
7f556ee6f000-7f556ee70000 rw-p 0000b000 08:05 1591820                    /lib/x86_64-linux-gnu/libnss_nis-2.19.so
7f556ee70000-7f556ee87000 r-xp 00000000 08:05 1591806                    /lib/x86_64-linux-gnu/libnsl-2.19.so
7f556ee87000-7f556f086000 ---p 00017000 08:05 1591806                    /lib/x86_64-linux-gnu/libnsl-2.19.so
7f556f086000-7f556f087000 r--p 00016000 08:05 1591806                    /lib/x86_64-linux-gnu/libnsl-2.19.so
7f556f087000-7f556f088000 rw-p 00017000 08:05 1591806                    /lib/x86_64-linux-gnu/libnsl-2.19.so
7f556f088000-7f556f08a000 rw-p 00000000 00:00 0 
7f556f08a000-7f556f093000 r-xp 00000000 08:05 1573845                    /lib/x86_64-linux-gnu/libnss_compat-2.19.so
7f556f093000-7f556f292000 ---p 00009000 08:05 1573845                    /lib/x86_64-linux-gnu/libnss_compat-2.19.so
7f556f292000-7f556f293000 r--p 00008000 08:05 1573845                    /lib/x86_64-linux-gnu/libnss_compat-2.19.so
7f556f293000-7f556f294000 rw-p 00009000 08:05 1573845                    /lib/x86_64-linux-gnu/libnss_compat-2.19.so
7f556f294000-7f556f2bf000 r-xp 00000000 08:05 4074896                    /usr/lib/jvm/java-7-openjdk-amd64/jre/lib/amd64/libjava.so
7f556f2bf000-7f556f4be000 ---p 0002b000 08:05 4074896                    /usr/lib/jvm/java-7-openjdk-amd64/jre/lib/amd64/libjava.so
7f556f4be000-7f556f4bf000 r--p 0002a000 08:05 4074896                    /usr/lib/jvm/java-7-openjdk-amd64/jre/lib/amd64/libjava.so
7f556f4bf000-7f556f4c1000 rw-p 0002b000 08:05 4074896                    /usr/lib/jvm/java-7-openjdk-amd64/jre/lib/amd64/libjava.so
7f556f4c1000-7f556f4d1000 r-xp 00000000 08:05 4074911                    /usr/lib/jvm/java-7-openjdk-amd64/jre/lib/amd64/libverify.so
7f556f4d1000-7f556f6d0000 ---p 00010000 08:05 4074911                    /usr/lib/jvm/java-7-openjdk-amd64/jre/lib/amd64/libverify.so
7f556f6d0000-7f556f6d2000 r--p 0000f000 08:05 4074911                    /usr/lib/jvm/java-7-openjdk-amd64/jre/lib/amd64/libverify.so
7f556f6d2000-7f556f6d3000 rw-p 00011000 08:05 4074911                    /usr/lib/jvm/java-7-openjdk-amd64/jre/lib/amd64/libverify.so
7f556f6d3000-7f556f6da000 r-xp 00000000 08:05 1591808                    /lib/x86_64-linux-gnu/librt-2.19.so
7f556f6da000-7f556f8d9000 ---p 00007000 08:05 1591808                    /lib/x86_64-linux-gnu/librt-2.19.so
7f556f8d9000-7f556f8da000 r--p 00006000 08:05 1591808                    /lib/x86_64-linux-gnu/librt-2.19.so
7f556f8da000-7f556f8db000 rw-p 00007000 08:05 1591808                    /lib/x86_64-linux-gnu/librt-2.19.so
7f556f8db000-7f556f8f1000 r-xp 00000000 08:05 1573844                    /lib/x86_64-linux-gnu/libgcc_s.so.1
7f556f8f1000-7f556faf0000 ---p 00016000 08:05 1573844                    /lib/x86_64-linux-gnu/libgcc_s.so.1
7f556faf0000-7f556faf1000 rw-p 00015000 08:05 1573844                    /lib/x86_64-linux-gnu/libgcc_s.so.1
7f556faf1000-7f556fbf6000 r-xp 00000000 08:05 1591815                    /lib/x86_64-linux-gnu/libm-2.19.so
7f556fbf6000-7f556fdf5000 ---p 00105000 08:05 1591815                    /lib/x86_64-linux-gnu/libm-2.19.so
7f556fdf5000-7f556fdf6000 r--p 00104000 08:05 1591815                    /lib/x86_64-linux-gnu/libm-2.19.so
7f556fdf6000-7f556fdf7000 rw-p 00105000 08:05 1591815                    /lib/x86_64-linux-gnu/libm-2.19.so
7f556fdf7000-7f556fedd000 r-xp 00000000 08:05 5383054                    /usr/lib/x86_64-linux-gnu/libstdc++.so.6.0.19
7f556fedd000-7f55700dc000 ---p 000e6000 08:05 5383054                    /usr/lib/x86_64-linux-gnu/libstdc++.so.6.0.19
7f55700dc000-7f55700e4000 r--p 000e5000 08:05 5383054                    /usr/lib/x86_64-linux-gnu/libstdc++.so.6.0.19
7f55700e4000-7f55700e6000 rw-p 000ed000 08:05 5383054                    /usr/lib/x86_64-linux-gnu/libstdc++.so.6.0.19
7f55700e6000-7f55700fb000 rw-p 00000000 00:00 0 
7f55700fb000-7f5570c11000 r-xp 00000000 08:05 4074917                    /usr/lib/jvm/java-7-openjdk-amd64/jre/lib/amd64/server/libjvm.so
7f5570c11000-7f5570e10000 ---p 00b16000 08:05 4074917                    /usr/lib/jvm/java-7-openjdk-amd64/jre/lib/amd64/server/libjvm.so
7f5570e10000-7f5570eaa000 r--p 00b15000 08:05 4074917                    /usr/lib/jvm/java-7-openjdk-amd64/jre/lib/amd64/server/libjvm.so
7f5570eaa000-7f5570ecd000 rw-p 00baf000 08:05 4074917                    /usr/lib/jvm/java-7-openjdk-amd64/jre/lib/amd64/server/libjvm.so
7f5570ecd000-7f5570efb000 rw-p 00000000 00:00 0 
7f5570efb000-7f5570f13000 r-xp 00000000 08:05 1577007                    /lib/x86_64-linux-gnu/libz.so.1.2.8
7f5570f13000-7f5571112000 ---p 00018000 08:05 1577007                    /lib/x86_64-linux-gnu/libz.so.1.2.8
7f5571112000-7f5571113000 r--p 00017000 08:05 1577007                    /lib/x86_64-linux-gnu/libz.so.1.2.8
7f5571113000-7f5571114000 rw-p 00018000 08:05 1577007                    /lib/x86_64-linux-gnu/libz.so.1.2.8
7f5571114000-7f557112d000 r-xp 00000000 08:05 1591825                    /lib/x86_64-linux-gnu/libpthread-2.19.so
7f557112d000-7f557132c000 ---p 00019000 08:05 1591825                    /lib/x86_64-linux-gnu/libpthread-2.19.so
7f557132c000-7f557132d000 r--p 00018000 08:05 1591825                    /lib/x86_64-linux-gnu/libpthread-2.19.so
7f557132d000-7f557132e000 rw-p 00019000 08:05 1591825                    /lib/x86_64-linux-gnu/libpthread-2.19.so
7f557132e000-7f5571332000 rw-p 00000000 00:00 0 
7f5571332000-7f5571335000 r-xp 00000000 08:05 1591824                    /lib/x86_64-linux-gnu/libdl-2.19.so
7f5571335000-7f5571534000 ---p 00003000 08:05 1591824                    /lib/x86_64-linux-gnu/libdl-2.19.so
7f5571534000-7f5571535000 r--p 00002000 08:05 1591824                    /lib/x86_64-linux-gnu/libdl-2.19.so
7f5571535000-7f5571536000 rw-p 00003000 08:05 1591824                    /lib/x86_64-linux-gnu/libdl-2.19.so
7f5571536000-7f55716f1000 r-xp 00000000 08:05 1591812                    /lib/x86_64-linux-gnu/libc-2.19.so
7f55716f1000-7f55718f1000 ---p 001bb000 08:05 1591812                    /lib/x86_64-linux-gnu/libc-2.19.so
7f55718f1000-7f55718f5000 r--p 001bb000 08:05 1591812                    /lib/x86_64-linux-gnu/libc-2.19.so
7f55718f5000-7f55718f7000 rw-p 001bf000 08:05 1591812                    /lib/x86_64-linux-gnu/libc-2.19.so
7f55718f7000-7f55718fc000 rw-p 00000000 00:00 0 
7f55718fc000-7f5571909000 r-xp 00000000 08:05 4074894                    /usr/lib/jvm/java-7-openjdk-amd64/jre/lib/amd64/jli/libjli.so
7f5571909000-7f5571b08000 ---p 0000d000 08:05 4074894                    /usr/lib/jvm/java-7-openjdk-amd64/jre/lib/amd64/jli/libjli.so
7f5571b08000-7f5571b09000 r--p 0000c000 08:05 4074894                    /usr/lib/jvm/java-7-openjdk-amd64/jre/lib/amd64/jli/libjli.so
7f5571b09000-7f5571b0a000 rw-p 0000d000 08:05 4074894                    /usr/lib/jvm/java-7-openjdk-amd64/jre/lib/amd64/jli/libjli.so
7f5571b0a000-7f5571b2d000 r-xp 00000000 08:05 1591813                    /lib/x86_64-linux-gnu/ld-2.19.so
7f5571b2d000-7f5571b2e000 rw-p 00000000 00:00 0 
7f5571b2e000-7f5571b30000 r--s 00012000 08:05 4074949                    /usr/lib/jvm/java-7-openjdk-amd64/jre/lib/ext/zipfs.jar
7f5571b30000-7f5571b31000 r--s 00002000 08:05 4074953                    /usr/lib/jvm/java-7-openjdk-amd64/jre/lib/ext/dnsns.jar
7f5571b31000-7f5571b55000 rw-p 00000000 00:00 0 
7f5571b55000-7f5571c09000 rw-p 00000000 00:00 0 
7f5571c09000-7f5571c0c000 ---p 00000000 00:00 0 
7f5571c0c000-7f5571d0f000 rw-p 00000000 00:00 0                          [stack:9731]
7f5571d0f000-7f5571d12000 r--s 0000f000 08:05 4074948                    /usr/lib/jvm/java-7-openjdk-amd64/jre/lib/ext/icedtea-sound.jar
7f5571d12000-7f5571d16000 r--s 00085000 08:05 4074951                    /usr/lib/jvm/java-7-openjdk-amd64/jre/lib/ext/localedata.jar
7f5571d16000-7f5571d18000 r--s 00006000 08:05 5782322                    /usr/share/java/java-atk-wrapper.jar
7f5571d18000-7f5571d1c000 r--s 00034000 08:05 4074952                    /usr/lib/jvm/java-7-openjdk-amd64/jre/lib/ext/sunjce_provider.jar
7f5571d1c000-7f5571d20000 r--s 0003c000 08:05 4074950                    /usr/lib/jvm/java-7-openjdk-amd64/jre/lib/ext/sunpkcs11.jar
7f5571d20000-7f5571d28000 rw-s 00000000 08:05 5532063                    /tmp/hsperfdata_nelson/9728
7f5571d28000-7f5571d29000 rw-p 00000000 00:00 0 
7f5571d29000-7f5571d2a000 ---p 00000000 00:00 0 
7f5571d2a000-7f5571d2c000 rw-p 00000000 00:00 0 
7f5571d2c000-7f5571d2d000 r--p 00022000 08:05 1591813                    /lib/x86_64-linux-gnu/ld-2.19.so
7f5571d2d000-7f5571d2e000 rw-p 00023000 08:05 1591813                    /lib/x86_64-linux-gnu/ld-2.19.so
7f5571d2e000-7f5571d2f000 rw-p 00000000 00:00 0 
7fff205b5000-7fff205d7000 rw-p 00000000 00:00 0                          [stack]
7fff205f1000-7fff205f3000 r-xp 00000000 00:00 0                          [vdso]
ffffffffff600000-ffffffffff601000 r-xp 00000000 00:00 0                  [vsyscall]

VM Arguments:
jvm_args: -Xmx1024M 
java_command: /home/nelson/work/sdk/android-sdk-linux/build-tools/19.1.0/lib/dx.jar --dex --output=/home/nelson/work/idea-workspace-new2/kibnelson/muzima-android/target/classes.dex /home/nelson/.m2/repository/net/minidev/json-smart/1.1.1/json-smart-1.1.1.jar /home/nelson/.m2/repository/com/nineoldandroids/library/2.4.0/library-2.4.0.jar /home/nelson/.m2/repository/aopalliance/aopalliance/1.0/aopalliance-1.0.jar /home/nelson/.m2/repository/com/jayway/jsonpath/json-path/0.8.1/json-path-0.8.1.jar /home/nelson/.m2/repository/commons-codec/commons-codec/1.3/commons-codec-1.3.jar /home/nelson/.m2/repository/org/jsoup/jsoup/1.7.3/jsoup-1.7.3.jar /home/nelson/.m2/repository/ch/acra/acra/4.5.0/acra-4.5.0.jar /home/nelson/.m2/repository/com/muzima/search-api/1.0-SNAPSHOT/search-api-1.0-SNAPSHOT.jar /home/nelson/.m2/repository/lucene/transform/lucenetransform/0.9.2.2/lucenetransform-0.9.2.2.jar /home/nelson/.m2/repository/javax/inject/javax.inject/1/javax.inject-1.jar /home/nelson/.m2/repository/commons-lang/commons-lang/2.6/commons-lang-2.6.jar /home/nelson/.m2/repository/com/emilsjolander/stickylistheaders/1.0.0/stickylistheaders-1.0.0.jar /home/nelson/.m2/repository/com/google/inject/guice/3.0/guice-3.0-no_aop.jar /home/nelson/.m2/repository/com/google/inject/extensions/guice-throwingproviders/3.0/guice-throwingproviders-3.0.jar /home/nelson/.m2/repository/com/actionbarsherlock/actionbarsherlock/4.3.1/actionbarsherlock-4.3.1.apklib /home/nelson/.m2/repository/org/aspectj/aspectjrt/1.7.2/aspectjrt-1.7.2.jar /home/nelson/.m2/repository/com/madgag/sc-light-jdk15on/1.47.0.2/sc-light-jdk15on-1.47.0.2.jar /home/nelson/.m2/repository/com/futronic/futronic/1.0/futronic-1.0.jar /home/nelson/.m2/repository/com/muzima/muzima-api/1.0-SNAPSHOT/muzima-api-1.0-SNAPSHOT.jar /home/nelson/.m2/repository/com/madgag/scprov-jdk15on/1.47.0.2/scprov-jdk15on-1.47.0.2.jar /home/nelson/.m2/repository/org/slf4j/slf4j-api/1.7.5/slf4j-api-1.7.5.jar /home/nelson/.m2/repository/com/google/android/andro
Launcher Type: SUN_STANDARD

Environment Variables:
JAVA_HOME=/usr/lib/jvm/java-7-openjdk-amd64
PATH=/usr/local/sbin:/usr/local/bin:/usr/sbin:/usr/bin:/sbin:/bin:/usr/games:/usr/local/games
LD_LIBRARY_PATH=/home/nelson/Documents/FingerprintSDK/Linux_SDK_v4.2/Sample_Source/Java_Netbeans_Sample/x64/ftrJSDK
SHELL=/bin/bash
DISPLAY=:0

Signal Handlers:
SIGSEGV: [libjvm.so+0x9495e0], sa_mask[0]=0x7ffbfeff, sa_flags=0x10000004
SIGBUS: [libjvm.so+0x9495e0], sa_mask[0]=0x7ffbfeff, sa_flags=0x10000004
SIGFPE: [libjvm.so+0x7c3410], sa_mask[0]=0x7ffbfeff, sa_flags=0x10000004
SIGPIPE: [libjvm.so+0x7c3410], sa_mask[0]=0x7ffbfeff, sa_flags=0x10000004
SIGXFSZ: [libjvm.so+0x7c3410], sa_mask[0]=0x7ffbfeff, sa_flags=0x10000004
SIGILL: [libjvm.so+0x7c3410], sa_mask[0]=0x7ffbfeff, sa_flags=0x10000004
SIGUSR1: SIG_DFL, sa_mask[0]=0x00000000, sa_flags=0x00000000
SIGUSR2: [libjvm.so+0x7c32b0], sa_mask[0]=0x00000004, sa_flags=0x10000004
SIGHUP: [libjvm.so+0x7c3490], sa_mask[0]=0x7ffbfeff, sa_flags=0x10000004
SIGINT: [libjvm.so+0x7c3490], sa_mask[0]=0x7ffbfeff, sa_flags=0x10000004
SIGTERM: [libjvm.so+0x7c3490], sa_mask[0]=0x7ffbfeff, sa_flags=0x10000004
SIGQUIT: [libjvm.so+0x7c3490], sa_mask[0]=0x7ffbfeff, sa_flags=0x10000004
SIGTRAP: SIG_DFL, sa_mask[0]=0x00000000, sa_flags=0x00000000


---------------  S Y S T E M  ---------------

OS:Ubuntu 14.04 (trusty)
uname:Linux 3.13.0-36-generic #63-Ubuntu SMP Wed Sep 3 21:30:07 UTC 2014 x86_64
libc:glibc 2.19 NPTL 2.19 
rlimit: STACK 8192k, CORE 0k, NPROC 62770, NOFILE 4096, AS infinity
load average:2.22 1.32 1.07

/proc/meminfo:
MemTotal:        8056284 kB
MemFree:          102288 kB
Buffers:             788 kB
Cached:           727524 kB
SwapCached:            0 kB
Active:          6935636 kB
Inactive:         718520 kB
Active(anon):    6931088 kB
Inactive(anon):   702640 kB
Active(file):       4548 kB
Inactive(file):    15880 kB
Unevictable:          32 kB
Mlocked:              32 kB
SwapTotal:             0 kB
SwapFree:              0 kB
Dirty:                 0 kB
Writeback:             0 kB
AnonPages:       6926724 kB
Mapped:           261072 kB
Shmem:            707040 kB
Slab:              95800 kB
SReclaimable:      46728 kB
SUnreclaim:        49072 kB
KernelStack:        8024 kB
PageTables:        65312 kB
NFS_Unstable:          0 kB
Bounce:                0 kB
WritebackTmp:          0 kB
CommitLimit:     4028140 kB
Committed_AS:   13674748 kB
VmallocTotal:   34359738367 kB
VmallocUsed:      362464 kB
VmallocChunk:   34359350636 kB
HardwareCorrupted:     0 kB
AnonHugePages:   3344384 kB
HugePages_Total:       0
HugePages_Free:        0
HugePages_Rsvd:        0
HugePages_Surp:        0
Hugepagesize:       2048 kB
DirectMap4k:      140028 kB
DirectMap2M:     8128512 kB


CPU:total 4 (2 cores per cpu, 2 threads per core) family 6 model 58 stepping 9, cmov, cx8, fxsr, mmx, sse, sse2, sse3, ssse3, sse4.1, sse4.2, popcnt, avx, aes, erms, ht, tsc, tscinvbit, tscinv

/proc/cpuinfo:
processor	: 0
vendor_id	: GenuineIntel
cpu family	: 6
model		: 58
model name	: Intel(R) Core(TM) i7-3537U CPU @ 2.00GHz
stepping	: 9
microcode	: 0x17
cpu MHz		: 1900.000
cache size	: 4096 KB
physical id	: 0
siblings	: 4
core id		: 0
cpu cores	: 2
apicid		: 0
initial apicid	: 0
fpu		: yes
fpu_exception	: yes
cpuid level	: 13
wp		: yes
flags		: fpu vme de pse tsc msr pae mce cx8 apic sep mtrr pge mca cmov pat pse36 clflush dts acpi mmx fxsr sse sse2 ss ht tm pbe syscall nx rdtscp lm constant_tsc arch_perfmon pebs bts rep_good nopl xtopology nonstop_tsc aperfmperf eagerfpu pni pclmulqdq dtes64 monitor ds_cpl vmx est tm2 ssse3 cx16 xtpr pdcm pcid sse4_1 sse4_2 x2apic popcnt tsc_deadline_timer aes xsave avx f16c rdrand lahf_lm ida arat epb xsaveopt pln pts dtherm tpr_shadow vnmi flexpriority ept vpid fsgsbase smep erms
bogomips	: 4988.75
clflush size	: 64
cache_alignment	: 64
address sizes	: 36 bits physical, 48 bits virtual
power management:

processor	: 1
vendor_id	: GenuineIntel
cpu family	: 6
model		: 58
model name	: Intel(R) Core(TM) i7-3537U CPU @ 2.00GHz
stepping	: 9
microcode	: 0x17
cpu MHz		: 2000.000
cache size	: 4096 KB
physical id	: 0
siblings	: 4
core id		: 0
cpu cores	: 2
apicid		: 1
initial apicid	: 1
fpu		: yes
fpu_exception	: yes
cpuid level	: 13
wp		: yes
flags		: fpu vme de pse tsc msr pae mce cx8 apic sep mtrr pge mca cmov pat pse36 clflush dts acpi mmx fxsr sse sse2 ss ht tm pbe syscall nx rdtscp lm constant_tsc arch_perfmon pebs bts rep_good nopl xtopology nonstop_tsc aperfmperf eagerfpu pni pclmulqdq dtes64 monitor ds_cpl vmx est tm2 ssse3 cx16 xtpr pdcm pcid sse4_1 sse4_2 x2apic popcnt tsc_deadline_timer aes xsave avx f16c rdrand lahf_lm ida arat epb xsaveopt pln pts dtherm tpr_shadow vnmi flexpriority ept vpid fsgsbase smep erms
bogomips	: 4988.75
clflush size	: 64
cache_alignment	: 64
address sizes	: 36 bits physical, 48 bits virtual
power management:

processor	: 2
vendor_id	: GenuineIntel
cpu family	: 6
model		: 58
model name	: Intel(R) Core(TM) i7-3537U CPU @ 2.00GHz
stepping	: 9
microcode	: 0x17
cpu MHz		: 1700.000
cache size	: 4096 KB
physical id	: 0
siblings	: 4
core id		: 1
cpu cores	: 2
apicid		: 2
initial apicid	: 2
fpu		: yes
fpu_exception	: yes
cpuid level	: 13
wp		: yes
flags		: fpu vme de pse tsc msr pae mce cx8 apic sep mtrr pge mca cmov pat pse36 clflush dts acpi mmx fxsr sse sse2 ss ht tm pbe syscall nx rdtscp lm constant_tsc arch_perfmon pebs bts rep_good nopl xtopology nonstop_tsc aperfmperf eagerfpu pni pclmulqdq dtes64 monitor ds_cpl vmx est tm2 ssse3 cx16 xtpr pdcm pcid sse4_1 sse4_2 x2apic popcnt tsc_deadline_timer aes xsave avx f16c rdrand lahf_lm ida arat epb xsaveopt pln pts dtherm tpr_shadow vnmi flexpriority ept vpid fsgsbase smep erms
bogomips	: 4988.75
clflush size	: 64
cache_alignment	: 64
address sizes	: 36 bits physical, 48 bits virtual
power management:

processor	: 3
vendor_id	: GenuineIntel
cpu family	: 6
model		: 58
model name	: Intel(R) Core(TM) i7-3537U CPU @ 2.00GHz
stepping	: 9
microcode	: 0x17
cpu MHz		: 2000.000
cache size	: 4096 KB
physical id	: 0
siblings	: 4
core id		: 1
cpu cores	: 2
apicid		: 3
initial apicid	: 3
fpu		: yes
fpu_exception	: yes
cpuid level	: 13
wp		: yes
flags		: fpu vme de pse tsc msr pae mce cx8 apic sep mtrr pge mca cmov pat pse36 clflush dts acpi mmx fxsr sse sse2 ss ht tm pbe syscall nx rdtscp lm constant_tsc arch_perfmon pebs bts rep_good nopl xtopology nonstop_tsc aperfmperf eagerfpu pni pclmulqdq dtes64 monitor ds_cpl vmx est tm2 ssse3 cx16 xtpr pdcm pcid sse4_1 sse4_2 x2apic popcnt tsc_deadline_timer aes xsave avx f16c rdrand lahf_lm ida arat epb xsaveopt pln pts dtherm tpr_shadow vnmi flexpriority ept vpid fsgsbase smep erms
bogomips	: 4988.75
clflush size	: 64
cache_alignment	: 64
address sizes	: 36 bits physical, 48 bits virtual
power management:



Memory: 4k page, physical 8056284k(102288k free), swap 0k(0k free)

vm_info: OpenJDK 64-Bit Server VM (24.65-b04) for linux-amd64 JRE (1.7.0_65-b32), built on Oct 22 2014 04:37:44 by "buildd" with gcc 4.8.2

time: Wed Oct 29 09:54:13 2014
elapsed time: 7 seconds

